{"/home/charles/projects/Coding2025/Forge/vibeforge/src/lib/core/stores/contextBlocks.svelte.ts": {"path":"/home/charles/projects/Coding2025/Forge/vibeforge/src/lib/core/stores/contextBlocks.svelte.ts","statementMap":{"0":{"start":{"line":14,"column":20},"end":{"line":14,"column":null}},"1":{"start":{"line":15,"column":18},"end":{"line":15,"column":null}},"2":{"start":{"line":18,"column":7},"end":{"line":18,"column":null}},"3":{"start":{"line":19,"column":6},"end":{"line":26,"column":null}},"4":{"start":{"line":20,"column":19},"end":{"line":20,"column":null}},"5":{"start":{"line":21,"column":8},"end":{"line":23,"column":null}},"6":{"start":{"line":22,"column":13},"end":{"line":22,"column":null}},"7":{"start":{"line":25,"column":4},"end":{"line":25,"column":null}},"8":{"start":{"line":31,"column":7},"end":{"line":31,"column":null}},"9":{"start":{"line":32,"column":6},"end":{"line":39,"column":null}},"10":{"start":{"line":33,"column":4},"end":{"line":33,"column":null}},"11":{"start":{"line":35,"column":18},"end":{"line":35,"column":null}},"12":{"start":{"line":35,"column":36},"end":{"line":35,"column":40}},"13":{"start":{"line":36,"column":4},"end":{"line":36,"column":null}},"14":{"start":{"line":38,"column":4},"end":{"line":38,"column":null}},"15":{"start":{"line":52,"column":6},"end":{"line":55,"column":null}},"16":{"start":{"line":62,"column":6},"end":{"line":62,"column":null}},"17":{"start":{"line":62,"column":30},"end":{"line":62,"column":null}},"18":{"start":{"line":62,"column":57},"end":{"line":62,"column":67}},"19":{"start":{"line":64,"column":6},"end":{"line":64,"column":null}},"20":{"start":{"line":64,"column":32},"end":{"line":64,"column":null}},"21":{"start":{"line":64,"column":53},"end":{"line":64,"column":70}},"22":{"start":{"line":66,"column":6},"end":{"line":66,"column":null}},"23":{"start":{"line":66,"column":56},"end":{"line":66,"column":60}},"24":{"start":{"line":70,"column":9},"end":{"line":72,"column":null}},"25":{"start":{"line":71,"column":6},"end":{"line":71,"column":null}},"26":{"start":{"line":73,"column":4},"end":{"line":73,"column":null}},"27":{"start":{"line":74,"column":11},"end":{"line":74,"column":null}},"28":{"start":{"line":78,"column":6},"end":{"line":81,"column":null}},"29":{"start":{"line":80,"column":20},"end":{"line":80,"column":null}},"30":{"start":{"line":90,"column":2},"end":{"line":90,"column":null}},"31":{"start":{"line":91,"column":2},"end":{"line":91,"column":null}},"32":{"start":{"line":92,"column":2},"end":{"line":92,"column":null}},"33":{"start":{"line":96,"column":2},"end":{"line":96,"column":null}},"34":{"start":{"line":97,"column":2},"end":{"line":97,"column":null}},"35":{"start":{"line":101,"column":2},"end":{"line":104,"column":null}},"36":{"start":{"line":102,"column":4},"end":{"line":104,"column":null}},"37":{"start":{"line":106,"column":2},"end":{"line":106,"column":null}},"38":{"start":{"line":110,"column":2},"end":{"line":110,"column":null}},"39":{"start":{"line":110,"column":48},"end":{"line":110,"column":63}},"40":{"start":{"line":111,"column":2},"end":{"line":111,"column":null}},"41":{"start":{"line":115,"column":2},"end":{"line":116,"column":null}},"42":{"start":{"line":116,"column":4},"end":{"line":116,"column":null}},"43":{"start":{"line":118,"column":2},"end":{"line":118,"column":null}},"44":{"start":{"line":122,"column":2},"end":{"line":124,"column":null}},"45":{"start":{"line":122,"column":35},"end":{"line":124,"column":null}},"46":{"start":{"line":126,"column":2},"end":{"line":126,"column":null}},"47":{"start":{"line":130,"column":2},"end":{"line":130,"column":null}},"48":{"start":{"line":130,"column":35},"end":{"line":130,"column":null}},"49":{"start":{"line":131,"column":2},"end":{"line":131,"column":null}},"50":{"start":{"line":135,"column":2},"end":{"line":135,"column":null}},"51":{"start":{"line":135,"column":35},"end":{"line":135,"column":null}},"52":{"start":{"line":136,"column":2},"end":{"line":136,"column":null}},"53":{"start":{"line":140,"column":2},"end":{"line":140,"column":null}},"54":{"start":{"line":144,"column":2},"end":{"line":144,"column":null}},"55":{"start":{"line":148,"column":9},"end":{"line":148,"column":null}},"56":{"start":{"line":148,"column":38},"end":{"line":148,"column":53}},"57":{"start":{"line":152,"column":23},"end":{"line":152,"column":null}},"58":{"start":{"line":152,"column":53},"end":{"line":152,"column":71}},"59":{"start":{"line":153,"column":22},"end":{"line":153,"column":null}},"60":{"start":{"line":153,"column":52},"end":{"line":153,"column":69}},"61":{"start":{"line":155,"column":6},"end":{"line":155,"column":null}},"62":{"start":{"line":155,"column":45},"end":{"line":155,"column":null}},"63":{"start":{"line":157,"column":8},"end":{"line":157,"column":null}},"64":{"start":{"line":158,"column":25},"end":{"line":158,"column":null}},"65":{"start":{"line":159,"column":2},"end":{"line":159,"column":null}},"66":{"start":{"line":161,"column":2},"end":{"line":161,"column":null}},"67":{"start":{"line":162,"column":2},"end":{"line":162,"column":null}},"68":{"start":{"line":172,"column":11},"end":{"line":172,"column":null}},"69":{"start":{"line":175,"column":11},"end":{"line":175,"column":null}},"70":{"start":{"line":178,"column":11},"end":{"line":178,"column":null}},"71":{"start":{"line":182,"column":11},"end":{"line":182,"column":null}},"72":{"start":{"line":185,"column":11},"end":{"line":185,"column":null}},"73":{"start":{"line":188,"column":11},"end":{"line":188,"column":null}},"74":{"start":{"line":191,"column":11},"end":{"line":191,"column":null}},"75":{"start":{"line":194,"column":11},"end":{"line":194,"column":null}}},"fnMap":{"0":{"name":"loadFromStorage","decl":{"start":{"line":17,"column":9},"end":{"line":17,"column":43}},"loc":{"start":{"line":17,"column":43},"end":{"line":28,"column":null}},"line":17},"1":{"name":"saveToStorage","decl":{"start":{"line":30,"column":9},"end":{"line":30,"column":23}},"loc":{"start":{"line":30,"column":47},"end":{"line":40,"column":null}},"line":30},"2":{"name":"(anonymous_2)","decl":{"start":{"line":35,"column":25},"end":{"line":35,"column":30}},"loc":{"start":{"line":35,"column":36},"end":{"line":35,"column":40}},"line":35},"3":{"name":"(anonymous_3)","decl":{"start":{"line":62,"column":6},"end":{"line":62,"column":30}},"loc":{"start":{"line":62,"column":30},"end":{"line":62,"column":null}},"line":62},"4":{"name":"(anonymous_4)","decl":{"start":{"line":62,"column":43},"end":{"line":62,"column":51}},"loc":{"start":{"line":62,"column":57},"end":{"line":62,"column":67}},"line":62},"5":{"name":"(anonymous_5)","decl":{"start":{"line":64,"column":6},"end":{"line":64,"column":32}},"loc":{"start":{"line":64,"column":32},"end":{"line":64,"column":null}},"line":64},"6":{"name":"(anonymous_6)","decl":{"start":{"line":64,"column":45},"end":{"line":64,"column":53}},"loc":{"start":{"line":64,"column":53},"end":{"line":64,"column":70}},"line":64},"7":{"name":"(anonymous_7)","decl":{"start":{"line":66,"column":6},"end":{"line":66,"column":32}},"loc":{"start":{"line":66,"column":6},"end":{"line":66,"column":null}},"line":66},"8":{"name":"(anonymous_8)","decl":{"start":{"line":66,"column":45},"end":{"line":66,"column":50}},"loc":{"start":{"line":66,"column":56},"end":{"line":66,"column":60}},"line":66},"9":{"name":"(anonymous_9)","decl":{"start":{"line":69,"column":23},"end":{"line":69,"column":28}},"loc":{"start":{"line":69,"column":38},"end":{"line":75,"column":null}},"line":69},"10":{"name":"(anonymous_10)","decl":{"start":{"line":78,"column":6},"end":{"line":78,"column":null}},"loc":{"start":{"line":78,"column":6},"end":{"line":81,"column":null}},"line":78},"11":{"name":"(anonymous_11)","decl":{"start":{"line":79,"column":15},"end":{"line":79,"column":null}},"loc":{"start":{"line":80,"column":20},"end":{"line":80,"column":null}},"line":80},"12":{"name":"setBlocks","decl":{"start":{"line":89,"column":9},"end":{"line":89,"column":19}},"loc":{"start":{"line":89,"column":43},"end":{"line":93,"column":null}},"line":89},"13":{"name":"addBlock","decl":{"start":{"line":95,"column":9},"end":{"line":95,"column":18}},"loc":{"start":{"line":95,"column":39},"end":{"line":98,"column":null}},"line":95},"14":{"name":"updateBlock","decl":{"start":{"line":100,"column":9},"end":{"line":100,"column":21}},"loc":{"start":{"line":100,"column":65},"end":{"line":107,"column":null}},"line":100},"15":{"name":"(anonymous_15)","decl":{"start":{"line":101,"column":30},"end":{"line":101,"column":35}},"loc":{"start":{"line":102,"column":4},"end":{"line":104,"column":null}},"line":102},"16":{"name":"removeBlock","decl":{"start":{"line":109,"column":9},"end":{"line":109,"column":21}},"loc":{"start":{"line":109,"column":33},"end":{"line":112,"column":null}},"line":109},"17":{"name":"(anonymous_17)","decl":{"start":{"line":110,"column":30},"end":{"line":110,"column":38}},"loc":{"start":{"line":110,"column":48},"end":{"line":110,"column":63}},"line":110},"18":{"name":"toggleActive","decl":{"start":{"line":114,"column":9},"end":{"line":114,"column":22}},"loc":{"start":{"line":114,"column":34},"end":{"line":119,"column":null}},"line":114},"19":{"name":"(anonymous_19)","decl":{"start":{"line":115,"column":30},"end":{"line":115,"column":35}},"loc":{"start":{"line":116,"column":4},"end":{"line":116,"column":null}},"line":116},"20":{"name":"setActiveOnly","decl":{"start":{"line":121,"column":9},"end":{"line":121,"column":23}},"loc":{"start":{"line":121,"column":38},"end":{"line":127,"column":null}},"line":121},"21":{"name":"(anonymous_21)","decl":{"start":{"line":122,"column":30},"end":{"line":122,"column":35}},"loc":{"start":{"line":122,"column":35},"end":{"line":124,"column":null}},"line":122},"22":{"name":"activateAll","decl":{"start":{"line":129,"column":9},"end":{"line":129,"column":23}},"loc":{"start":{"line":129,"column":23},"end":{"line":132,"column":null}},"line":129},"23":{"name":"(anonymous_23)","decl":{"start":{"line":130,"column":30},"end":{"line":130,"column":35}},"loc":{"start":{"line":130,"column":35},"end":{"line":130,"column":null}},"line":130},"24":{"name":"deactivateAll","decl":{"start":{"line":134,"column":9},"end":{"line":134,"column":25}},"loc":{"start":{"line":134,"column":25},"end":{"line":137,"column":null}},"line":134},"25":{"name":"(anonymous_25)","decl":{"start":{"line":135,"column":30},"end":{"line":135,"column":35}},"loc":{"start":{"line":135,"column":35},"end":{"line":135,"column":null}},"line":135},"26":{"name":"setLoading","decl":{"start":{"line":139,"column":9},"end":{"line":139,"column":20}},"loc":{"start":{"line":139,"column":38},"end":{"line":141,"column":null}},"line":139},"27":{"name":"setError","decl":{"start":{"line":143,"column":9},"end":{"line":143,"column":18}},"loc":{"start":{"line":143,"column":40},"end":{"line":145,"column":null}},"line":143},"28":{"name":"getBlockById","decl":{"start":{"line":147,"column":9},"end":{"line":147,"column":22}},"loc":{"start":{"line":147,"column":60},"end":{"line":149,"column":null}},"line":147},"29":{"name":"(anonymous_29)","decl":{"start":{"line":148,"column":22},"end":{"line":148,"column":28}},"loc":{"start":{"line":148,"column":38},"end":{"line":148,"column":53}},"line":148},"30":{"name":"reorderBlock","decl":{"start":{"line":151,"column":9},"end":{"line":151,"column":22}},"loc":{"start":{"line":151,"column":59},"end":{"line":163,"column":null}},"line":151},"31":{"name":"(anonymous_31)","decl":{"start":{"line":152,"column":36},"end":{"line":152,"column":47}},"loc":{"start":{"line":152,"column":53},"end":{"line":152,"column":71}},"line":152},"32":{"name":"(anonymous_32)","decl":{"start":{"line":153,"column":35},"end":{"line":153,"column":46}},"loc":{"start":{"line":153,"column":52},"end":{"line":153,"column":69}},"line":153},"33":{"name":"(anonymous_33)","decl":{"start":{"line":171,"column":6},"end":{"line":171,"column":15}},"loc":{"start":{"line":171,"column":15},"end":{"line":173,"column":null}},"line":171},"34":{"name":"(anonymous_34)","decl":{"start":{"line":174,"column":6},"end":{"line":174,"column":18}},"loc":{"start":{"line":174,"column":18},"end":{"line":176,"column":null}},"line":174},"35":{"name":"(anonymous_35)","decl":{"start":{"line":177,"column":6},"end":{"line":177,"column":14}},"loc":{"start":{"line":177,"column":14},"end":{"line":179,"column":null}},"line":177},"36":{"name":"(anonymous_36)","decl":{"start":{"line":181,"column":6},"end":{"line":181,"column":21}},"loc":{"start":{"line":181,"column":21},"end":{"line":183,"column":null}},"line":181},"37":{"name":"(anonymous_37)","decl":{"start":{"line":184,"column":6},"end":{"line":184,"column":23}},"loc":{"start":{"line":184,"column":23},"end":{"line":186,"column":null}},"line":184},"38":{"name":"(anonymous_38)","decl":{"start":{"line":187,"column":6},"end":{"line":187,"column":23}},"loc":{"start":{"line":187,"column":23},"end":{"line":189,"column":null}},"line":187},"39":{"name":"(anonymous_39)","decl":{"start":{"line":190,"column":6},"end":{"line":190,"column":21}},"loc":{"start":{"line":190,"column":21},"end":{"line":192,"column":null}},"line":190},"40":{"name":"(anonymous_40)","decl":{"start":{"line":193,"column":6},"end":{"line":193,"column":26}},"loc":{"start":{"line":193,"column":26},"end":{"line":195,"column":null}},"line":193}},"branchMap":{"0":{"loc":{"start":{"line":18,"column":7},"end":{"line":18,"column":null}},"type":"if","locations":[{"start":{"line":18,"column":7},"end":{"line":18,"column":null}},{"start":{},"end":{}}],"line":18},"1":{"loc":{"start":{"line":21,"column":8},"end":{"line":23,"column":null}},"type":"if","locations":[{"start":{"line":21,"column":8},"end":{"line":23,"column":null}},{"start":{},"end":{}}],"line":21},"2":{"loc":{"start":{"line":31,"column":7},"end":{"line":31,"column":null}},"type":"if","locations":[{"start":{"line":31,"column":7},"end":{"line":31,"column":null}},{"start":{},"end":{}}],"line":31},"3":{"loc":{"start":{"line":70,"column":9},"end":{"line":72,"column":null}},"type":"if","locations":[{"start":{"line":70,"column":9},"end":{"line":72,"column":null}},{"start":{},"end":{}}],"line":70},"4":{"loc":{"start":{"line":102,"column":4},"end":{"line":104,"column":null}},"type":"cond-expr","locations":[{"start":{"line":104,"column":8},"end":{"line":104,"column":null}}],"line":102},"5":{"loc":{"start":{"line":116,"column":4},"end":{"line":116,"column":null}},"type":"cond-expr","locations":[{"start":{"line":116,"column":17},"end":{"line":116,"column":64}},{"start":{"line":116,"column":64},"end":{"line":116,"column":null}}],"line":116},"6":{"loc":{"start":{"line":155,"column":6},"end":{"line":155,"column":null}},"type":"if","locations":[{"start":{"line":155,"column":6},"end":{"line":155,"column":null}},{"start":{},"end":{}}],"line":155},"7":{"loc":{"start":{"line":155,"column":6},"end":{"line":155,"column":null}},"type":"binary-expr","locations":[{"start":{"line":155,"column":6},"end":{"line":155,"column":29}},{"start":{"line":155,"column":29},"end":{"line":155,"column":null}}],"line":155}},"s":{"0":1,"1":1,"2":0,"3":1,"4":1,"5":1,"6":0,"7":0,"8":0,"9":107,"10":107,"11":107,"12":154,"13":107,"14":0,"15":1,"16":1,"17":5,"18":12,"19":1,"20":3,"21":6,"22":2,"23":2,"24":3,"25":2,"26":3,"27":3,"28":2,"29":2,"30":82,"31":82,"32":82,"33":3,"34":3,"35":4,"36":8,"37":4,"38":3,"39":9,"40":3,"41":4,"42":9,"43":4,"44":3,"45":9,"46":3,"47":2,"48":6,"49":2,"50":2,"51":6,"52":2,"53":3,"54":4,"55":15,"56":25,"57":6,"58":14,"59":6,"60":11,"61":6,"62":2,"63":4,"64":4,"65":4,"66":4,"67":4,"68":16,"69":3,"70":4,"71":5,"72":4,"73":2,"74":2,"75":2},"f":{"0":1,"1":107,"2":154,"3":5,"4":12,"5":3,"6":6,"7":2,"8":2,"9":3,"10":2,"11":2,"12":82,"13":3,"14":4,"15":8,"16":3,"17":9,"18":4,"19":9,"20":3,"21":9,"22":2,"23":6,"24":2,"25":6,"26":3,"27":4,"28":15,"29":25,"30":6,"31":14,"32":11,"33":16,"34":3,"35":4,"36":5,"37":4,"38":2,"39":2,"40":2},"b":{"0":[0,1],"1":[0,1],"2":[0,107],"3":[2,1],"4":[4,null],"5":[4,5],"6":[2,4],"7":[6,5]},"meta":{"lastBranch":8,"lastFunction":41,"lastStatement":76,"seen":{"s:14:20:14:Infinity":0,"s:15:18:15:Infinity":1,"f:17:9:17:43":0,"b:18:7:18:Infinity:undefined:undefined:undefined:undefined":0,"s:18:7:18:Infinity":2,"s:19:6:26:Infinity":3,"s:20:19:20:Infinity":4,"b:21:8:23:Infinity:undefined:undefined:undefined:undefined":1,"s:21:8:23:Infinity":5,"s:22:13:22:Infinity":6,"s:25:4:25:Infinity":7,"f:30:9:30:23":1,"b:31:7:31:Infinity:undefined:undefined:undefined:undefined":2,"s:31:7:31:Infinity":8,"s:32:6:39:Infinity":9,"s:33:4:33:Infinity":10,"s:35:18:35:Infinity":11,"f:35:25:35:30":2,"s:35:36:35:40":12,"s:36:4:36:Infinity":13,"s:38:4:38:Infinity":14,"s:52:6:55:Infinity":15,"s:62:6:62:Infinity":16,"f:62:6:62:30":3,"s:62:30:62:Infinity":17,"f:62:43:62:51":4,"s:62:57:62:67":18,"s:64:6:64:Infinity":19,"f:64:6:64:32":5,"s:64:32:64:Infinity":20,"f:64:45:64:53":6,"s:64:53:64:70":21,"s:66:6:66:Infinity":22,"f:66:6:66:32":7,"f:66:45:66:50":8,"s:66:56:66:60":23,"f:69:23:69:28":9,"b:70:9:72:Infinity:undefined:undefined:undefined:undefined":3,"s:70:9:72:Infinity":24,"s:71:6:71:Infinity":25,"s:73:4:73:Infinity":26,"s:74:11:74:Infinity":27,"s:78:6:81:Infinity":28,"f:78:6:78:Infinity":10,"f:79:15:79:Infinity":11,"s:80:20:80:Infinity":29,"f:89:9:89:19":12,"s:90:2:90:Infinity":30,"s:91:2:91:Infinity":31,"s:92:2:92:Infinity":32,"f:95:9:95:18":13,"s:96:2:96:Infinity":33,"s:97:2:97:Infinity":34,"f:100:9:100:21":14,"s:101:2:104:Infinity":35,"f:101:30:101:35":15,"s:102:4:104:Infinity":36,"b:104:8:104:Infinity":4,"s:106:2:106:Infinity":37,"f:109:9:109:21":16,"s:110:2:110:Infinity":38,"f:110:30:110:38":17,"s:110:48:110:63":39,"s:111:2:111:Infinity":40,"f:114:9:114:22":18,"s:115:2:116:Infinity":41,"f:115:30:115:35":19,"s:116:4:116:Infinity":42,"b:116:17:116:64:116:64:116:Infinity":5,"s:118:2:118:Infinity":43,"f:121:9:121:23":20,"s:122:2:124:Infinity":44,"f:122:30:122:35":21,"s:122:35:124:Infinity":45,"s:126:2:126:Infinity":46,"f:129:9:129:23":22,"s:130:2:130:Infinity":47,"f:130:30:130:35":23,"s:130:35:130:Infinity":48,"s:131:2:131:Infinity":49,"f:134:9:134:25":24,"s:135:2:135:Infinity":50,"f:135:30:135:35":25,"s:135:35:135:Infinity":51,"s:136:2:136:Infinity":52,"f:139:9:139:20":26,"s:140:2:140:Infinity":53,"f:143:9:143:18":27,"s:144:2:144:Infinity":54,"f:147:9:147:22":28,"s:148:9:148:Infinity":55,"f:148:22:148:28":29,"s:148:38:148:53":56,"f:151:9:151:22":30,"s:152:23:152:Infinity":57,"f:152:36:152:47":31,"s:152:53:152:71":58,"s:153:22:153:Infinity":59,"f:153:35:153:46":32,"s:153:52:153:69":60,"b:155:6:155:Infinity:undefined:undefined:undefined:undefined":6,"s:155:6:155:Infinity":61,"b:155:6:155:29:155:29:155:Infinity":7,"s:155:45:155:Infinity":62,"s:157:8:157:Infinity":63,"s:158:25:158:Infinity":64,"s:159:2:159:Infinity":65,"s:161:2:161:Infinity":66,"s:162:2:162:Infinity":67,"f:171:6:171:15":33,"s:172:11:172:Infinity":68,"f:174:6:174:18":34,"s:175:11:175:Infinity":69,"f:177:6:177:14":35,"s:178:11:178:Infinity":70,"f:181:6:181:21":36,"s:182:11:182:Infinity":71,"f:184:6:184:23":37,"s:185:11:185:Infinity":72,"f:187:6:187:23":38,"s:188:11:188:Infinity":73,"f:190:6:190:21":39,"s:191:11:191:Infinity":74,"f:193:6:193:26":40,"s:194:11:194:Infinity":75}}}
,"/home/charles/projects/Coding2025/Forge/vibeforge/src/lib/core/stores/models.svelte.ts": {"path":"/home/charles/projects/Coding2025/Forge/vibeforge/src/lib/core/stores/models.svelte.ts","statementMap":{"0":{"start":{"line":20,"column":6},"end":{"line":24,"column":null}},"1":{"start":{"line":31,"column":6},"end":{"line":32,"column":null}},"2":{"start":{"line":32,"column":2},"end":{"line":32,"column":null}},"3":{"start":{"line":32,"column":29},"end":{"line":32,"column":null}},"4":{"start":{"line":35,"column":6},"end":{"line":35,"column":null}},"5":{"start":{"line":35,"column":33},"end":{"line":35,"column":null}},"6":{"start":{"line":35,"column":54},"end":{"line":35,"column":null}},"7":{"start":{"line":40,"column":11},"end":{"line":42,"column":null}},"8":{"start":{"line":41,"column":8},"end":{"line":41,"column":null}},"9":{"start":{"line":43,"column":6},"end":{"line":43,"column":null}},"10":{"start":{"line":44,"column":13},"end":{"line":44,"column":null}},"11":{"start":{"line":50,"column":6},"end":{"line":50,"column":null}},"12":{"start":{"line":50,"column":30},"end":{"line":50,"column":58}},"13":{"start":{"line":52,"column":6},"end":{"line":52,"column":null}},"14":{"start":{"line":52,"column":31},"end":{"line":52,"column":55}},"15":{"start":{"line":55,"column":6},"end":{"line":61,"column":null}},"16":{"start":{"line":57,"column":9},"end":{"line":57,"column":null}},"17":{"start":{"line":57,"column":15},"end":{"line":57,"column":null}},"18":{"start":{"line":58,"column":24},"end":{"line":58,"column":null}},"19":{"start":{"line":59,"column":11},"end":{"line":59,"column":null}},"20":{"start":{"line":68,"column":2},"end":{"line":68,"column":null}},"21":{"start":{"line":69,"column":2},"end":{"line":69,"column":null}},"22":{"start":{"line":73,"column":7},"end":{"line":75,"column":null}},"23":{"start":{"line":74,"column":4},"end":{"line":74,"column":null}},"24":{"start":{"line":79,"column":2},"end":{"line":79,"column":null}},"25":{"start":{"line":79,"column":63},"end":{"line":79,"column":80}},"26":{"start":{"line":83,"column":6},"end":{"line":87,"column":null}},"27":{"start":{"line":84,"column":4},"end":{"line":84,"column":null}},"28":{"start":{"line":86,"column":4},"end":{"line":86,"column":null}},"29":{"start":{"line":91,"column":2},"end":{"line":91,"column":null}},"30":{"start":{"line":95,"column":2},"end":{"line":95,"column":null}},"31":{"start":{"line":99,"column":2},"end":{"line":99,"column":null}},"32":{"start":{"line":103,"column":2},"end":{"line":103,"column":null}},"33":{"start":{"line":103,"column":46},"end":{"line":103,"column":50}},"34":{"start":{"line":107,"column":9},"end":{"line":107,"column":null}},"35":{"start":{"line":107,"column":38},"end":{"line":107,"column":53}},"36":{"start":{"line":111,"column":2},"end":{"line":111,"column":null}},"37":{"start":{"line":115,"column":2},"end":{"line":115,"column":null}},"38":{"start":{"line":125,"column":11},"end":{"line":125,"column":null}},"39":{"start":{"line":128,"column":11},"end":{"line":128,"column":null}},"40":{"start":{"line":131,"column":11},"end":{"line":131,"column":null}},"41":{"start":{"line":134,"column":11},"end":{"line":134,"column":null}},"42":{"start":{"line":138,"column":11},"end":{"line":138,"column":null}},"43":{"start":{"line":141,"column":11},"end":{"line":141,"column":null}},"44":{"start":{"line":144,"column":11},"end":{"line":144,"column":null}},"45":{"start":{"line":147,"column":11},"end":{"line":147,"column":null}},"46":{"start":{"line":150,"column":11},"end":{"line":150,"column":null}}},"fnMap":{"0":{"name":"(anonymous_0)","decl":{"start":{"line":31,"column":6},"end":{"line":31,"column":null}},"loc":{"start":{"line":32,"column":2},"end":{"line":32,"column":null}},"line":32},"1":{"name":"(anonymous_1)","decl":{"start":{"line":32,"column":15},"end":{"line":32,"column":23}},"loc":{"start":{"line":32,"column":29},"end":{"line":32,"column":null}},"line":32},"2":{"name":"(anonymous_2)","decl":{"start":{"line":35,"column":6},"end":{"line":35,"column":33}},"loc":{"start":{"line":35,"column":33},"end":{"line":35,"column":null}},"line":35},"3":{"name":"(anonymous_3)","decl":{"start":{"line":35,"column":46},"end":{"line":35,"column":54}},"loc":{"start":{"line":35,"column":54},"end":{"line":35,"column":null}},"line":35},"4":{"name":"(anonymous_4)","decl":{"start":{"line":39,"column":5},"end":{"line":39,"column":10}},"loc":{"start":{"line":39,"column":20},"end":{"line":45,"column":null}},"line":39},"5":{"name":"(anonymous_5)","decl":{"start":{"line":50,"column":6},"end":{"line":50,"column":30}},"loc":{"start":{"line":50,"column":30},"end":{"line":50,"column":58}},"line":50},"6":{"name":"(anonymous_6)","decl":{"start":{"line":52,"column":6},"end":{"line":52,"column":31}},"loc":{"start":{"line":52,"column":31},"end":{"line":52,"column":55}},"line":52},"7":{"name":"(anonymous_7)","decl":{"start":{"line":55,"column":6},"end":{"line":55,"column":23}},"loc":{"start":{"line":55,"column":69},"end":{"line":61,"column":null}},"line":55},"8":{"name":"(anonymous_8)","decl":{"start":{"line":56,"column":32},"end":{"line":56,"column":39}},"loc":{"start":{"line":56,"column":49},"end":{"line":60,"column":5}},"line":56},"9":{"name":"setModels","decl":{"start":{"line":67,"column":9},"end":{"line":67,"column":19}},"loc":{"start":{"line":67,"column":36},"end":{"line":70,"column":null}},"line":67},"10":{"name":"selectModel","decl":{"start":{"line":72,"column":9},"end":{"line":72,"column":21}},"loc":{"start":{"line":72,"column":33},"end":{"line":76,"column":null}},"line":72},"11":{"name":"deselectModel","decl":{"start":{"line":78,"column":9},"end":{"line":78,"column":23}},"loc":{"start":{"line":78,"column":35},"end":{"line":80,"column":null}},"line":78},"12":{"name":"(anonymous_12)","decl":{"start":{"line":79,"column":40},"end":{"line":79,"column":48}},"loc":{"start":{"line":79,"column":63},"end":{"line":79,"column":80}},"line":79},"13":{"name":"toggleModel","decl":{"start":{"line":82,"column":9},"end":{"line":82,"column":21}},"loc":{"start":{"line":82,"column":33},"end":{"line":88,"column":null}},"line":82},"14":{"name":"setSelectedIds","decl":{"start":{"line":90,"column":9},"end":{"line":90,"column":24}},"loc":{"start":{"line":90,"column":39},"end":{"line":92,"column":null}},"line":90},"15":{"name":"clearSelection","decl":{"start":{"line":94,"column":9},"end":{"line":94,"column":26}},"loc":{"start":{"line":94,"column":26},"end":{"line":96,"column":null}},"line":94},"16":{"name":"selectOnly","decl":{"start":{"line":98,"column":9},"end":{"line":98,"column":20}},"loc":{"start":{"line":98,"column":32},"end":{"line":100,"column":null}},"line":98},"17":{"name":"selectAll","decl":{"start":{"line":102,"column":9},"end":{"line":102,"column":21}},"loc":{"start":{"line":102,"column":21},"end":{"line":104,"column":null}},"line":102},"18":{"name":"(anonymous_18)","decl":{"start":{"line":103,"column":35},"end":{"line":103,"column":40}},"loc":{"start":{"line":103,"column":46},"end":{"line":103,"column":50}},"line":103},"19":{"name":"getModelById","decl":{"start":{"line":106,"column":9},"end":{"line":106,"column":22}},"loc":{"start":{"line":106,"column":53},"end":{"line":108,"column":null}},"line":106},"20":{"name":"(anonymous_20)","decl":{"start":{"line":107,"column":22},"end":{"line":107,"column":28}},"loc":{"start":{"line":107,"column":38},"end":{"line":107,"column":53}},"line":107},"21":{"name":"setLoading","decl":{"start":{"line":110,"column":9},"end":{"line":110,"column":20}},"loc":{"start":{"line":110,"column":38},"end":{"line":112,"column":null}},"line":110},"22":{"name":"setError","decl":{"start":{"line":114,"column":9},"end":{"line":114,"column":18}},"loc":{"start":{"line":114,"column":40},"end":{"line":116,"column":null}},"line":114},"23":{"name":"(anonymous_23)","decl":{"start":{"line":124,"column":6},"end":{"line":124,"column":15}},"loc":{"start":{"line":124,"column":15},"end":{"line":126,"column":null}},"line":124},"24":{"name":"(anonymous_24)","decl":{"start":{"line":127,"column":6},"end":{"line":127,"column":20}},"loc":{"start":{"line":127,"column":20},"end":{"line":129,"column":null}},"line":127},"25":{"name":"(anonymous_25)","decl":{"start":{"line":130,"column":6},"end":{"line":130,"column":18}},"loc":{"start":{"line":130,"column":18},"end":{"line":132,"column":null}},"line":130},"26":{"name":"(anonymous_26)","decl":{"start":{"line":133,"column":6},"end":{"line":133,"column":14}},"loc":{"start":{"line":133,"column":14},"end":{"line":135,"column":null}},"line":133},"27":{"name":"(anonymous_27)","decl":{"start":{"line":137,"column":6},"end":{"line":137,"column":23}},"loc":{"start":{"line":137,"column":23},"end":{"line":139,"column":null}},"line":137},"28":{"name":"(anonymous_28)","decl":{"start":{"line":140,"column":6},"end":{"line":140,"column":24}},"loc":{"start":{"line":140,"column":24},"end":{"line":142,"column":null}},"line":140},"29":{"name":"(anonymous_29)","decl":{"start":{"line":143,"column":6},"end":{"line":143,"column":25}},"loc":{"start":{"line":143,"column":25},"end":{"line":145,"column":null}},"line":143},"30":{"name":"(anonymous_30)","decl":{"start":{"line":146,"column":6},"end":{"line":146,"column":21}},"loc":{"start":{"line":146,"column":21},"end":{"line":148,"column":null}},"line":146},"31":{"name":"(anonymous_31)","decl":{"start":{"line":149,"column":6},"end":{"line":149,"column":22}},"loc":{"start":{"line":149,"column":22},"end":{"line":151,"column":null}},"line":149}},"branchMap":{"0":{"loc":{"start":{"line":40,"column":11},"end":{"line":42,"column":null}},"type":"if","locations":[{"start":{"line":40,"column":11},"end":{"line":42,"column":null}},{"start":{},"end":{}}],"line":40},"1":{"loc":{"start":{"line":57,"column":9},"end":{"line":57,"column":null}},"type":"if","locations":[{"start":{"line":57,"column":9},"end":{"line":57,"column":null}},{"start":{},"end":{}}],"line":57},"2":{"loc":{"start":{"line":73,"column":7},"end":{"line":75,"column":null}},"type":"if","locations":[{"start":{"line":73,"column":7},"end":{"line":75,"column":null}},{"start":{},"end":{}}],"line":73},"3":{"loc":{"start":{"line":83,"column":6},"end":{"line":87,"column":null}},"type":"if","locations":[{"start":{"line":83,"column":6},"end":{"line":87,"column":null}},{"start":{"line":85,"column":9},"end":{"line":87,"column":null}}],"line":83}},"s":{"0":1,"1":1,"2":14,"3":36,"4":1,"5":9,"6":27,"7":15,"8":11,"9":15,"10":15,"11":1,"12":7,"13":1,"14":20,"15":1,"16":9,"17":2,"18":7,"19":7,"20":100,"21":100,"22":44,"23":43,"24":8,"25":17,"26":5,"27":2,"28":3,"29":2,"30":54,"31":3,"32":5,"33":16,"34":2,"35":3,"36":3,"37":55,"38":5,"39":25,"40":3,"41":4,"42":7,"43":9,"44":6,"45":7,"46":20},"f":{"0":14,"1":36,"2":9,"3":27,"4":15,"5":7,"6":20,"7":7,"8":9,"9":100,"10":44,"11":8,"12":17,"13":5,"14":2,"15":54,"16":3,"17":5,"18":16,"19":2,"20":3,"21":3,"22":55,"23":5,"24":25,"25":3,"26":4,"27":7,"28":9,"29":6,"30":7,"31":20},"b":{"0":[11,4],"1":[2,7],"2":[43,1],"3":[2,3]},"meta":{"lastBranch":4,"lastFunction":32,"lastStatement":47,"seen":{"s:20:6:24:Infinity":0,"s:31:6:32:Infinity":1,"f:31:6:31:Infinity":0,"s:32:2:32:Infinity":2,"f:32:15:32:23":1,"s:32:29:32:Infinity":3,"s:35:6:35:Infinity":4,"f:35:6:35:33":2,"s:35:33:35:Infinity":5,"f:35:46:35:54":3,"s:35:54:35:Infinity":6,"f:39:5:39:10":4,"b:40:11:42:Infinity:undefined:undefined:undefined:undefined":0,"s:40:11:42:Infinity":7,"s:41:8:41:Infinity":8,"s:43:6:43:Infinity":9,"s:44:13:44:Infinity":10,"s:50:6:50:Infinity":11,"f:50:6:50:30":5,"s:50:30:50:58":12,"s:52:6:52:Infinity":13,"f:52:6:52:31":6,"s:52:31:52:55":14,"s:55:6:61:Infinity":15,"f:55:6:55:23":7,"f:56:32:56:39":8,"b:57:9:57:Infinity:undefined:undefined:undefined:undefined":1,"s:57:9:57:Infinity":16,"s:57:15:57:Infinity":17,"s:58:24:58:Infinity":18,"s:59:11:59:Infinity":19,"f:67:9:67:19":9,"s:68:2:68:Infinity":20,"s:69:2:69:Infinity":21,"f:72:9:72:21":10,"b:73:7:75:Infinity:undefined:undefined:undefined:undefined":2,"s:73:7:75:Infinity":22,"s:74:4:74:Infinity":23,"f:78:9:78:23":11,"s:79:2:79:Infinity":24,"f:79:40:79:48":12,"s:79:63:79:80":25,"f:82:9:82:21":13,"b:83:6:87:Infinity:85:9:87:Infinity":3,"s:83:6:87:Infinity":26,"s:84:4:84:Infinity":27,"s:86:4:86:Infinity":28,"f:90:9:90:24":14,"s:91:2:91:Infinity":29,"f:94:9:94:26":15,"s:95:2:95:Infinity":30,"f:98:9:98:20":16,"s:99:2:99:Infinity":31,"f:102:9:102:21":17,"s:103:2:103:Infinity":32,"f:103:35:103:40":18,"s:103:46:103:50":33,"f:106:9:106:22":19,"s:107:9:107:Infinity":34,"f:107:22:107:28":20,"s:107:38:107:53":35,"f:110:9:110:20":21,"s:111:2:111:Infinity":36,"f:114:9:114:18":22,"s:115:2:115:Infinity":37,"f:124:6:124:15":23,"s:125:11:125:Infinity":38,"f:127:6:127:20":24,"s:128:11:128:Infinity":39,"f:130:6:130:18":25,"s:131:11:131:Infinity":40,"f:133:6:133:14":26,"s:134:11:134:Infinity":41,"f:137:6:137:23":27,"s:138:11:138:Infinity":42,"f:140:6:140:24":28,"s:141:11:141:Infinity":43,"f:143:6:143:25":29,"s:144:11:144:Infinity":44,"f:146:6:146:21":30,"s:147:11:147:Infinity":45,"f:149:6:149:22":31,"s:150:11:150:Infinity":46}}}
,"/home/charles/projects/Coding2025/Forge/vibeforge/src/lib/core/stores/prompt.svelte.ts": {"path":"/home/charles/projects/Coding2025/Forge/vibeforge/src/lib/core/stores/prompt.svelte.ts","statementMap":{"0":{"start":{"line":36,"column":6},"end":{"line":36,"column":null}},"1":{"start":{"line":36,"column":33},"end":{"line":36,"column":null}},"2":{"start":{"line":39,"column":6},"end":{"line":39,"column":null}},"3":{"start":{"line":39,"column":25},"end":{"line":39,"column":55}},"4":{"start":{"line":42,"column":6},"end":{"line":45,"column":null}},"5":{"start":{"line":42,"column":6},"end":{"line":45,"column":1}},"6":{"start":{"line":43,"column":18},"end":{"line":43,"column":null}},"7":{"start":{"line":44,"column":9},"end":{"line":44,"column":null}},"8":{"start":{"line":44,"column":38},"end":{"line":44,"column":null}},"9":{"start":{"line":48,"column":6},"end":{"line":51,"column":null}},"10":{"start":{"line":48,"column":6},"end":{"line":51,"column":1}},"11":{"start":{"line":49,"column":8},"end":{"line":49,"column":null}},"12":{"start":{"line":50,"column":9},"end":{"line":50,"column":null}},"13":{"start":{"line":50,"column":37},"end":{"line":50,"column":76}},"14":{"start":{"line":54,"column":6},"end":{"line":60,"column":null}},"15":{"start":{"line":54,"column":6},"end":{"line":60,"column":1}},"16":{"start":{"line":55,"column":17},"end":{"line":55,"column":null}},"17":{"start":{"line":56,"column":2},"end":{"line":58,"column":null}},"18":{"start":{"line":57,"column":4},"end":{"line":57,"column":null}},"19":{"start":{"line":59,"column":9},"end":{"line":59,"column":null}},"20":{"start":{"line":67,"column":2},"end":{"line":67,"column":null}},"21":{"start":{"line":69,"column":23},"end":{"line":69,"column":null}},"22":{"start":{"line":70,"column":6},"end":{"line":77,"column":null}},"23":{"start":{"line":71,"column":4},"end":{"line":76,"column":null}},"24":{"start":{"line":72,"column":18},"end":{"line":72,"column":null}},"25":{"start":{"line":73,"column":12},"end":{"line":75,"column":null}},"26":{"start":{"line":74,"column":8},"end":{"line":74,"column":null}},"27":{"start":{"line":81,"column":2},"end":{"line":81,"column":null}},"28":{"start":{"line":85,"column":2},"end":{"line":85,"column":null}},"29":{"start":{"line":86,"column":2},"end":{"line":86,"column":null}},"30":{"start":{"line":87,"column":2},"end":{"line":87,"column":null}},"31":{"start":{"line":91,"column":2},"end":{"line":91,"column":null}},"32":{"start":{"line":95,"column":2},"end":{"line":95,"column":null}},"33":{"start":{"line":99,"column":2},"end":{"line":99,"column":null}},"34":{"start":{"line":103,"column":2},"end":{"line":103,"column":null}},"35":{"start":{"line":104,"column":2},"end":{"line":104,"column":null}},"36":{"start":{"line":106,"column":8},"end":{"line":106,"column":null}},"37":{"start":{"line":107,"column":2},"end":{"line":109,"column":null}},"38":{"start":{"line":108,"column":4},"end":{"line":108,"column":null}},"39":{"start":{"line":110,"column":2},"end":{"line":110,"column":null}},"40":{"start":{"line":114,"column":2},"end":{"line":114,"column":null}},"41":{"start":{"line":118,"column":2},"end":{"line":118,"column":null}},"42":{"start":{"line":122,"column":2},"end":{"line":122,"column":null}},"43":{"start":{"line":126,"column":2},"end":{"line":126,"column":null}},"44":{"start":{"line":136,"column":11},"end":{"line":136,"column":null}},"45":{"start":{"line":139,"column":11},"end":{"line":139,"column":null}},"46":{"start":{"line":142,"column":11},"end":{"line":142,"column":null}},"47":{"start":{"line":145,"column":11},"end":{"line":145,"column":null}},"48":{"start":{"line":148,"column":11},"end":{"line":148,"column":null}},"49":{"start":{"line":151,"column":11},"end":{"line":151,"column":null}},"50":{"start":{"line":155,"column":11},"end":{"line":155,"column":null}},"51":{"start":{"line":158,"column":11},"end":{"line":158,"column":null}},"52":{"start":{"line":161,"column":11},"end":{"line":161,"column":null}},"53":{"start":{"line":164,"column":11},"end":{"line":164,"column":null}},"54":{"start":{"line":167,"column":11},"end":{"line":167,"column":null}}},"fnMap":{"0":{"name":"(anonymous_0)","decl":{"start":{"line":36,"column":6},"end":{"line":36,"column":33}},"loc":{"start":{"line":36,"column":33},"end":{"line":36,"column":null}},"line":36},"1":{"name":"(anonymous_1)","decl":{"start":{"line":39,"column":6},"end":{"line":39,"column":25}},"loc":{"start":{"line":39,"column":25},"end":{"line":39,"column":55}},"line":39},"2":{"name":"(anonymous_2)","decl":{"start":{"line":42,"column":6},"end":{"line":42,"column":44}},"loc":{"start":{"line":42,"column":6},"end":{"line":45,"column":1}},"line":42},"3":{"name":"(anonymous_3)","decl":{"start":{"line":44,"column":27},"end":{"line":44,"column":32}},"loc":{"start":{"line":44,"column":38},"end":{"line":44,"column":null}},"line":44},"4":{"name":"(anonymous_4)","decl":{"start":{"line":48,"column":6},"end":{"line":48,"column":42}},"loc":{"start":{"line":48,"column":6},"end":{"line":51,"column":1}},"line":48},"5":{"name":"(anonymous_5)","decl":{"start":{"line":50,"column":22},"end":{"line":50,"column":29}},"loc":{"start":{"line":50,"column":37},"end":{"line":50,"column":76}},"line":50},"6":{"name":"(anonymous_6)","decl":{"start":{"line":54,"column":6},"end":{"line":54,"column":38}},"loc":{"start":{"line":54,"column":6},"end":{"line":60,"column":1}},"line":54},"7":{"name":"(anonymous_7)","decl":{"start":{"line":56,"column":34},"end":{"line":56,"column":44}},"loc":{"start":{"line":56,"column":60},"end":{"line":58,"column":3}},"line":56},"8":{"name":"setText","decl":{"start":{"line":66,"column":9},"end":{"line":66,"column":17}},"loc":{"start":{"line":66,"column":31},"end":{"line":78,"column":null}},"line":66},"9":{"name":"(anonymous_9)","decl":{"start":{"line":71,"column":17},"end":{"line":71,"column":26}},"loc":{"start":{"line":71,"column":42},"end":{"line":76,"column":5}},"line":71},"10":{"name":"appendText","decl":{"start":{"line":80,"column":9},"end":{"line":80,"column":20}},"loc":{"start":{"line":80,"column":34},"end":{"line":82,"column":null}},"line":80},"11":{"name":"clearText","decl":{"start":{"line":84,"column":9},"end":{"line":84,"column":21}},"loc":{"start":{"line":84,"column":21},"end":{"line":88,"column":null}},"line":84},"12":{"name":"setVariable","decl":{"start":{"line":90,"column":9},"end":{"line":90,"column":21}},"loc":{"start":{"line":90,"column":49},"end":{"line":92,"column":null}},"line":90},"13":{"name":"setVariables","decl":{"start":{"line":94,"column":9},"end":{"line":94,"column":22}},"loc":{"start":{"line":94,"column":57},"end":{"line":96,"column":null}},"line":94},"14":{"name":"clearVariables","decl":{"start":{"line":98,"column":9},"end":{"line":98,"column":26}},"loc":{"start":{"line":98,"column":26},"end":{"line":100,"column":null}},"line":98},"15":{"name":"loadTemplate","decl":{"start":{"line":102,"column":9},"end":{"line":102,"column":22}},"loc":{"start":{"line":102,"column":48},"end":{"line":111,"column":null}},"line":102},"16":{"name":"(anonymous_16)","decl":{"start":{"line":107,"column":21},"end":{"line":107,"column":30}},"loc":{"start":{"line":107,"column":36},"end":{"line":109,"column":3}},"line":107},"17":{"name":"clearTemplate","decl":{"start":{"line":113,"column":9},"end":{"line":113,"column":25}},"loc":{"start":{"line":113,"column":25},"end":{"line":115,"column":null}},"line":113},"18":{"name":"setTemplates","decl":{"start":{"line":117,"column":9},"end":{"line":117,"column":22}},"loc":{"start":{"line":117,"column":51},"end":{"line":119,"column":null}},"line":117},"19":{"name":"setLoading","decl":{"start":{"line":121,"column":9},"end":{"line":121,"column":20}},"loc":{"start":{"line":121,"column":38},"end":{"line":123,"column":null}},"line":121},"20":{"name":"setError","decl":{"start":{"line":125,"column":9},"end":{"line":125,"column":18}},"loc":{"start":{"line":125,"column":40},"end":{"line":127,"column":null}},"line":125},"21":{"name":"(anonymous_21)","decl":{"start":{"line":135,"column":6},"end":{"line":135,"column":13}},"loc":{"start":{"line":135,"column":13},"end":{"line":137,"column":null}},"line":135},"22":{"name":"(anonymous_22)","decl":{"start":{"line":138,"column":6},"end":{"line":138,"column":18}},"loc":{"start":{"line":138,"column":18},"end":{"line":140,"column":null}},"line":138},"23":{"name":"(anonymous_23)","decl":{"start":{"line":141,"column":6},"end":{"line":141,"column":24}},"loc":{"start":{"line":141,"column":24},"end":{"line":143,"column":null}},"line":141},"24":{"name":"(anonymous_24)","decl":{"start":{"line":144,"column":6},"end":{"line":144,"column":18}},"loc":{"start":{"line":144,"column":18},"end":{"line":146,"column":null}},"line":144},"25":{"name":"(anonymous_25)","decl":{"start":{"line":147,"column":6},"end":{"line":147,"column":18}},"loc":{"start":{"line":147,"column":18},"end":{"line":149,"column":null}},"line":147},"26":{"name":"(anonymous_26)","decl":{"start":{"line":150,"column":6},"end":{"line":150,"column":14}},"loc":{"start":{"line":150,"column":14},"end":{"line":152,"column":null}},"line":150},"27":{"name":"(anonymous_27)","decl":{"start":{"line":154,"column":6},"end":{"line":154,"column":24}},"loc":{"start":{"line":154,"column":24},"end":{"line":156,"column":null}},"line":154},"28":{"name":"(anonymous_28)","decl":{"start":{"line":157,"column":6},"end":{"line":157,"column":16}},"loc":{"start":{"line":157,"column":16},"end":{"line":159,"column":null}},"line":157},"29":{"name":"(anonymous_29)","decl":{"start":{"line":160,"column":6},"end":{"line":160,"column":29}},"loc":{"start":{"line":160,"column":29},"end":{"line":162,"column":null}},"line":160},"30":{"name":"(anonymous_30)","decl":{"start":{"line":163,"column":6},"end":{"line":163,"column":27}},"loc":{"start":{"line":163,"column":27},"end":{"line":165,"column":null}},"line":163},"31":{"name":"(anonymous_31)","decl":{"start":{"line":166,"column":6},"end":{"line":166,"column":23}},"loc":{"start":{"line":166,"column":23},"end":{"line":168,"column":null}},"line":166}},"branchMap":{"0":{"loc":{"start":{"line":44,"column":9},"end":{"line":44,"column":null}},"type":"cond-expr","locations":[{"start":{"line":44,"column":19},"end":{"line":44,"column":null}},{"start":{"line":44,"column":51},"end":{"line":44,"column":null}}],"line":44},"1":{"loc":{"start":{"line":70,"column":6},"end":{"line":77,"column":null}},"type":"if","locations":[{"start":{"line":70,"column":6},"end":{"line":77,"column":null}},{"start":{},"end":{}}],"line":70},"2":{"loc":{"start":{"line":73,"column":12},"end":{"line":75,"column":null}},"type":"if","locations":[{"start":{"line":73,"column":12},"end":{"line":75,"column":null}},{"start":{},"end":{}}],"line":73},"3":{"loc":{"start":{"line":81,"column":15},"end":{"line":81,"column":null}},"type":"cond-expr","locations":[{"start":{"line":81,"column":31},"end":{"line":81,"column":57}},{"start":{"line":81,"column":57},"end":{"line":81,"column":null}}],"line":81}},"s":{"0":1,"1":6,"2":1,"3":4,"4":1,"5":1,"6":13,"7":13,"8":21,"9":1,"10":1,"11":7,"12":7,"13":8,"14":1,"15":1,"16":7,"17":7,"18":8,"19":7,"20":38,"21":38,"22":38,"23":25,"24":46,"25":46,"26":41,"27":5,"28":57,"29":57,"30":57,"31":22,"32":4,"33":2,"34":11,"35":11,"36":11,"37":11,"38":22,"39":11,"40":2,"41":57,"42":3,"43":57,"44":14,"45":28,"46":5,"47":3,"48":3,"49":3,"50":6,"51":4,"52":6,"53":7,"54":7},"f":{"0":6,"1":4,"2":14,"3":21,"4":8,"5":8,"6":8,"7":8,"8":38,"9":46,"10":5,"11":57,"12":22,"13":4,"14":2,"15":11,"16":22,"17":2,"18":57,"19":3,"20":57,"21":14,"22":28,"23":5,"24":3,"25":3,"26":3,"27":6,"28":4,"29":6,"30":7,"31":7},"b":{"0":[9,4],"1":[25,13],"2":[41,5],"3":[4,1]},"meta":{"lastBranch":4,"lastFunction":32,"lastStatement":55,"seen":{"s:36:6:36:Infinity":0,"f:36:6:36:33":0,"s:36:33:36:Infinity":1,"s:39:6:39:Infinity":2,"f:39:6:39:25":1,"s:39:25:39:55":3,"s:42:6:45:Infinity":4,"f:42:6:42:44":2,"s:42:6:45:1":5,"s:43:18:43:Infinity":6,"s:44:9:44:Infinity":7,"b:44:19:44:Infinity:44:51:44:Infinity":0,"f:44:27:44:32":3,"s:44:38:44:Infinity":8,"s:48:6:51:Infinity":9,"f:48:6:48:42":4,"s:48:6:51:1":10,"s:49:8:49:Infinity":11,"s:50:9:50:Infinity":12,"f:50:22:50:29":5,"s:50:37:50:76":13,"s:54:6:60:Infinity":14,"f:54:6:54:38":6,"s:54:6:60:1":15,"s:55:17:55:Infinity":16,"s:56:2:58:Infinity":17,"f:56:34:56:44":7,"s:57:4:57:Infinity":18,"s:59:9:59:Infinity":19,"f:66:9:66:17":8,"s:67:2:67:Infinity":20,"s:69:23:69:Infinity":21,"b:70:6:77:Infinity:undefined:undefined:undefined:undefined":1,"s:70:6:77:Infinity":22,"s:71:4:76:Infinity":23,"f:71:17:71:26":9,"s:72:18:72:Infinity":24,"b:73:12:75:Infinity:undefined:undefined:undefined:undefined":2,"s:73:12:75:Infinity":25,"s:74:8:74:Infinity":26,"f:80:9:80:20":10,"s:81:2:81:Infinity":27,"b:81:31:81:57:81:57:81:Infinity":3,"f:84:9:84:21":11,"s:85:2:85:Infinity":28,"s:86:2:86:Infinity":29,"s:87:2:87:Infinity":30,"f:90:9:90:21":12,"s:91:2:91:Infinity":31,"f:94:9:94:22":13,"s:95:2:95:Infinity":32,"f:98:9:98:26":14,"s:99:2:99:Infinity":33,"f:102:9:102:22":15,"s:103:2:103:Infinity":34,"s:104:2:104:Infinity":35,"s:106:8:106:Infinity":36,"s:107:2:109:Infinity":37,"f:107:21:107:30":16,"s:108:4:108:Infinity":38,"s:110:2:110:Infinity":39,"f:113:9:113:25":17,"s:114:2:114:Infinity":40,"f:117:9:117:22":18,"s:118:2:118:Infinity":41,"f:121:9:121:20":19,"s:122:2:122:Infinity":42,"f:125:9:125:18":20,"s:126:2:126:Infinity":43,"f:135:6:135:13":21,"s:136:11:136:Infinity":44,"f:138:6:138:18":22,"s:139:11:139:Infinity":45,"f:141:6:141:24":23,"s:142:11:142:Infinity":46,"f:144:6:144:18":24,"s:145:11:145:Infinity":47,"f:147:6:147:18":25,"s:148:11:148:Infinity":48,"f:150:6:150:14":26,"s:151:11:151:Infinity":49,"f:154:6:154:24":27,"s:155:11:155:Infinity":50,"f:157:6:157:16":28,"s:158:11:158:Infinity":51,"f:160:6:160:29":29,"s:161:11:161:Infinity":52,"f:163:6:163:27":30,"s:164:11:164:Infinity":53,"f:166:6:166:23":31,"s:167:11:167:Infinity":54}}}
,"/home/charles/projects/Coding2025/Forge/vibeforge/src/lib/core/stores/runs.svelte.ts": {"path":"/home/charles/projects/Coding2025/Forge/vibeforge/src/lib/core/stores/runs.svelte.ts","statementMap":{"0":{"start":{"line":34,"column":6},"end":{"line":34,"column":null}},"1":{"start":{"line":34,"column":27},"end":{"line":34,"column":85}},"2":{"start":{"line":34,"column":50},"end":{"line":34,"column":76}},"3":{"start":{"line":36,"column":6},"end":{"line":41,"column":null}},"4":{"start":{"line":37,"column":2},"end":{"line":41,"column":null}},"5":{"start":{"line":38,"column":33},"end":{"line":39,"column":null}},"6":{"start":{"line":47,"column":11},"end":{"line":49,"column":null}},"7":{"start":{"line":48,"column":8},"end":{"line":48,"column":null}},"8":{"start":{"line":50,"column":6},"end":{"line":50,"column":null}},"9":{"start":{"line":51,"column":13},"end":{"line":51,"column":null}},"10":{"start":{"line":57,"column":6},"end":{"line":57,"column":null}},"11":{"start":{"line":57,"column":32},"end":{"line":57,"column":null}},"12":{"start":{"line":57,"column":57},"end":{"line":57,"column":79}},"13":{"start":{"line":59,"column":6},"end":{"line":59,"column":null}},"14":{"start":{"line":59,"column":28},"end":{"line":59,"column":null}},"15":{"start":{"line":59,"column":53},"end":{"line":59,"column":73}},"16":{"start":{"line":61,"column":6},"end":{"line":62,"column":null}},"17":{"start":{"line":62,"column":2},"end":{"line":62,"column":null}},"18":{"start":{"line":62,"column":34},"end":{"line":62,"column":64}},"19":{"start":{"line":65,"column":6},"end":{"line":65,"column":null}},"20":{"start":{"line":65,"column":27},"end":{"line":65,"column":null}},"21":{"start":{"line":65,"column":59},"end":{"line":65,"column":82}},"22":{"start":{"line":67,"column":6},"end":{"line":72,"column":null}},"23":{"start":{"line":67,"column":6},"end":{"line":72,"column":1}},"24":{"start":{"line":68,"column":20},"end":{"line":68,"column":null}},"25":{"start":{"line":68,"column":45},"end":{"line":68,"column":71}},"26":{"start":{"line":69,"column":6},"end":{"line":69,"column":null}},"27":{"start":{"line":69,"column":27},"end":{"line":69,"column":null}},"28":{"start":{"line":70,"column":16},"end":{"line":70,"column":null}},"29":{"start":{"line":70,"column":47},"end":{"line":70,"column":76}},"30":{"start":{"line":71,"column":9},"end":{"line":71,"column":null}},"31":{"start":{"line":79,"column":2},"end":{"line":79,"column":null}},"32":{"start":{"line":80,"column":2},"end":{"line":80,"column":null}},"33":{"start":{"line":84,"column":2},"end":{"line":84,"column":null}},"34":{"start":{"line":88,"column":2},"end":{"line":88,"column":null}},"35":{"start":{"line":88,"column":40},"end":{"line":88,"column":85}},"36":{"start":{"line":92,"column":2},"end":{"line":92,"column":null}},"37":{"start":{"line":92,"column":42},"end":{"line":92,"column":55}},"38":{"start":{"line":96,"column":2},"end":{"line":96,"column":null}},"39":{"start":{"line":97,"column":2},"end":{"line":97,"column":null}},"40":{"start":{"line":101,"column":2},"end":{"line":101,"column":null}},"41":{"start":{"line":105,"column":2},"end":{"line":105,"column":null}},"42":{"start":{"line":106,"column":2},"end":{"line":106,"column":null}},"43":{"start":{"line":107,"column":2},"end":{"line":107,"column":null}},"44":{"start":{"line":111,"column":2},"end":{"line":111,"column":null}},"45":{"start":{"line":115,"column":2},"end":{"line":115,"column":null}},"46":{"start":{"line":116,"column":2},"end":{"line":116,"column":null}},"47":{"start":{"line":120,"column":2},"end":{"line":120,"column":null}},"48":{"start":{"line":121,"column":2},"end":{"line":121,"column":null}},"49":{"start":{"line":123,"column":2},"end":{"line":126,"column":null}},"50":{"start":{"line":124,"column":4},"end":{"line":126,"column":null}},"51":{"start":{"line":131,"column":2},"end":{"line":131,"column":null}},"52":{"start":{"line":132,"column":2},"end":{"line":132,"column":null}},"53":{"start":{"line":136,"column":9},"end":{"line":136,"column":null}},"54":{"start":{"line":136,"column":34},"end":{"line":136,"column":47}},"55":{"start":{"line":140,"column":9},"end":{"line":140,"column":null}},"56":{"start":{"line":140,"column":36},"end":{"line":140,"column":59}},"57":{"start":{"line":145,"column":2},"end":{"line":145,"column":null}},"58":{"start":{"line":146,"column":2},"end":{"line":146,"column":null}},"59":{"start":{"line":148,"column":6},"end":{"line":176,"column":null}},"60":{"start":{"line":149,"column":10},"end":{"line":152,"column":null}},"61":{"start":{"line":168,"column":4},"end":{"line":168,"column":null}},"62":{"start":{"line":169,"column":4},"end":{"line":169,"column":null}},"63":{"start":{"line":170,"column":11},"end":{"line":170,"column":null}},"64":{"start":{"line":172,"column":4},"end":{"line":172,"column":null}},"65":{"start":{"line":173,"column":10},"end":{"line":173,"column":null}},"66":{"start":{"line":175,"column":4},"end":{"line":175,"column":null}},"67":{"start":{"line":186,"column":11},"end":{"line":186,"column":null}},"68":{"start":{"line":189,"column":11},"end":{"line":189,"column":null}},"69":{"start":{"line":192,"column":11},"end":{"line":192,"column":null}},"70":{"start":{"line":195,"column":11},"end":{"line":195,"column":null}},"71":{"start":{"line":198,"column":11},"end":{"line":198,"column":null}},"72":{"start":{"line":202,"column":11},"end":{"line":202,"column":null}},"73":{"start":{"line":205,"column":11},"end":{"line":205,"column":null}},"74":{"start":{"line":208,"column":11},"end":{"line":208,"column":null}},"75":{"start":{"line":211,"column":11},"end":{"line":211,"column":null}},"76":{"start":{"line":214,"column":11},"end":{"line":214,"column":null}},"77":{"start":{"line":217,"column":11},"end":{"line":217,"column":null}},"78":{"start":{"line":220,"column":11},"end":{"line":220,"column":null}},"79":{"start":{"line":223,"column":11},"end":{"line":223,"column":null}}},"fnMap":{"0":{"name":"(anonymous_0)","decl":{"start":{"line":34,"column":6},"end":{"line":34,"column":27}},"loc":{"start":{"line":34,"column":27},"end":{"line":34,"column":85}},"line":34},"1":{"name":"(anonymous_1)","decl":{"start":{"line":34,"column":38},"end":{"line":34,"column":44}},"loc":{"start":{"line":34,"column":50},"end":{"line":34,"column":76}},"line":34},"2":{"name":"(anonymous_2)","decl":{"start":{"line":36,"column":6},"end":{"line":36,"column":null}},"loc":{"start":{"line":37,"column":2},"end":{"line":41,"column":null}},"line":37},"3":{"name":"(anonymous_3)","decl":{"start":{"line":38,"column":17},"end":{"line":38,"column":25}},"loc":{"start":{"line":38,"column":33},"end":{"line":39,"column":null}},"line":38},"4":{"name":"(anonymous_4)","decl":{"start":{"line":46,"column":5},"end":{"line":46,"column":10}},"loc":{"start":{"line":46,"column":18},"end":{"line":52,"column":null}},"line":46},"5":{"name":"(anonymous_5)","decl":{"start":{"line":57,"column":6},"end":{"line":57,"column":32}},"loc":{"start":{"line":57,"column":32},"end":{"line":57,"column":null}},"line":57},"6":{"name":"(anonymous_6)","decl":{"start":{"line":57,"column":43},"end":{"line":57,"column":51}},"loc":{"start":{"line":57,"column":57},"end":{"line":57,"column":79}},"line":57},"7":{"name":"(anonymous_7)","decl":{"start":{"line":59,"column":6},"end":{"line":59,"column":28}},"loc":{"start":{"line":59,"column":28},"end":{"line":59,"column":null}},"line":59},"8":{"name":"(anonymous_8)","decl":{"start":{"line":59,"column":39},"end":{"line":59,"column":47}},"loc":{"start":{"line":59,"column":53},"end":{"line":59,"column":73}},"line":59},"9":{"name":"(anonymous_9)","decl":{"start":{"line":61,"column":6},"end":{"line":61,"column":null}},"loc":{"start":{"line":62,"column":2},"end":{"line":62,"column":null}},"line":62},"10":{"name":"(anonymous_10)","decl":{"start":{"line":62,"column":13},"end":{"line":62,"column":21}},"loc":{"start":{"line":62,"column":34},"end":{"line":62,"column":64}},"line":62},"11":{"name":"(anonymous_11)","decl":{"start":{"line":65,"column":6},"end":{"line":65,"column":27}},"loc":{"start":{"line":65,"column":27},"end":{"line":65,"column":null}},"line":65},"12":{"name":"(anonymous_12)","decl":{"start":{"line":65,"column":38},"end":{"line":65,"column":46}},"loc":{"start":{"line":65,"column":59},"end":{"line":65,"column":82}},"line":65},"13":{"name":"(anonymous_13)","decl":{"start":{"line":67,"column":6},"end":{"line":67,"column":39}},"loc":{"start":{"line":67,"column":6},"end":{"line":72,"column":1}},"line":67},"14":{"name":"(anonymous_14)","decl":{"start":{"line":68,"column":31},"end":{"line":68,"column":39}},"loc":{"start":{"line":68,"column":45},"end":{"line":68,"column":71}},"line":68},"15":{"name":"(anonymous_15)","decl":{"start":{"line":70,"column":26},"end":{"line":70,"column":34}},"loc":{"start":{"line":70,"column":47},"end":{"line":70,"column":76}},"line":70},"16":{"name":"setRuns","decl":{"start":{"line":78,"column":9},"end":{"line":78,"column":17}},"loc":{"start":{"line":78,"column":36},"end":{"line":81,"column":null}},"line":78},"17":{"name":"addRun","decl":{"start":{"line":83,"column":9},"end":{"line":83,"column":16}},"loc":{"start":{"line":83,"column":32},"end":{"line":85,"column":null}},"line":83},"18":{"name":"updateRun","decl":{"start":{"line":87,"column":9},"end":{"line":87,"column":19}},"loc":{"start":{"line":87,"column":60},"end":{"line":89,"column":null}},"line":87},"19":{"name":"(anonymous_19)","decl":{"start":{"line":88,"column":26},"end":{"line":88,"column":31}},"loc":{"start":{"line":88,"column":40},"end":{"line":88,"column":85}},"line":88},"20":{"name":"removeRun","decl":{"start":{"line":91,"column":9},"end":{"line":91,"column":19}},"loc":{"start":{"line":91,"column":31},"end":{"line":93,"column":null}},"line":91},"21":{"name":"(anonymous_21)","decl":{"start":{"line":92,"column":26},"end":{"line":92,"column":34}},"loc":{"start":{"line":92,"column":42},"end":{"line":92,"column":55}},"line":92},"22":{"name":"clearRuns","decl":{"start":{"line":95,"column":9},"end":{"line":95,"column":21}},"loc":{"start":{"line":95,"column":21},"end":{"line":98,"column":null}},"line":95},"23":{"name":"setActiveRun","decl":{"start":{"line":100,"column":9},"end":{"line":100,"column":22}},"loc":{"start":{"line":100,"column":41},"end":{"line":102,"column":null}},"line":100},"24":{"name":"startExecution","decl":{"start":{"line":104,"column":9},"end":{"line":104,"column":26}},"loc":{"start":{"line":104,"column":26},"end":{"line":108,"column":null}},"line":104},"25":{"name":"updateExecutionProgress","decl":{"start":{"line":110,"column":9},"end":{"line":110,"column":33}},"loc":{"start":{"line":110,"column":51},"end":{"line":112,"column":null}},"line":110},"26":{"name":"completeExecution","decl":{"start":{"line":114,"column":9},"end":{"line":114,"column":29}},"loc":{"start":{"line":114,"column":29},"end":{"line":117,"column":null}},"line":114},"27":{"name":"cancelExecution","decl":{"start":{"line":119,"column":9},"end":{"line":119,"column":27}},"loc":{"start":{"line":119,"column":27},"end":{"line":128,"column":null}},"line":119},"28":{"name":"(anonymous_28)","decl":{"start":{"line":123,"column":26},"end":{"line":123,"column":31}},"loc":{"start":{"line":124,"column":4},"end":{"line":126,"column":null}},"line":124},"29":{"name":"setError","decl":{"start":{"line":130,"column":9},"end":{"line":130,"column":18}},"loc":{"start":{"line":130,"column":40},"end":{"line":133,"column":null}},"line":130},"30":{"name":"getRunById","decl":{"start":{"line":135,"column":9},"end":{"line":135,"column":20}},"loc":{"start":{"line":135,"column":55},"end":{"line":137,"column":null}},"line":135},"31":{"name":"(anonymous_31)","decl":{"start":{"line":136,"column":20},"end":{"line":136,"column":26}},"loc":{"start":{"line":136,"column":34},"end":{"line":136,"column":47}},"line":136},"32":{"name":"getRunsByModel","decl":{"start":{"line":139,"column":9},"end":{"line":139,"column":24}},"loc":{"start":{"line":139,"column":54},"end":{"line":141,"column":null}},"line":139},"33":{"name":"(anonymous_33)","decl":{"start":{"line":140,"column":20},"end":{"line":140,"column":28}},"loc":{"start":{"line":140,"column":36},"end":{"line":140,"column":59}},"line":140},"34":{"name":"execute","decl":{"start":{"line":144,"column":15},"end":{"line":144,"column":23}},"loc":{"start":{"line":144,"column":118},"end":{"line":177,"column":null}},"line":144},"35":{"name":"(anonymous_35)","decl":{"start":{"line":185,"column":6},"end":{"line":185,"column":13}},"loc":{"start":{"line":185,"column":13},"end":{"line":187,"column":null}},"line":185},"36":{"name":"(anonymous_36)","decl":{"start":{"line":188,"column":6},"end":{"line":188,"column":20}},"loc":{"start":{"line":188,"column":20},"end":{"line":190,"column":null}},"line":188},"37":{"name":"(anonymous_37)","decl":{"start":{"line":191,"column":6},"end":{"line":191,"column":20}},"loc":{"start":{"line":191,"column":20},"end":{"line":193,"column":null}},"line":191},"38":{"name":"(anonymous_38)","decl":{"start":{"line":194,"column":6},"end":{"line":194,"column":26}},"loc":{"start":{"line":194,"column":26},"end":{"line":196,"column":null}},"line":194},"39":{"name":"(anonymous_39)","decl":{"start":{"line":197,"column":6},"end":{"line":197,"column":14}},"loc":{"start":{"line":197,"column":14},"end":{"line":199,"column":null}},"line":197},"40":{"name":"(anonymous_40)","decl":{"start":{"line":201,"column":6},"end":{"line":201,"column":18}},"loc":{"start":{"line":201,"column":18},"end":{"line":203,"column":null}},"line":201},"41":{"name":"(anonymous_41)","decl":{"start":{"line":204,"column":6},"end":{"line":204,"column":18}},"loc":{"start":{"line":204,"column":18},"end":{"line":206,"column":null}},"line":204},"42":{"name":"(anonymous_42)","decl":{"start":{"line":207,"column":6},"end":{"line":207,"column":21}},"loc":{"start":{"line":207,"column":21},"end":{"line":209,"column":null}},"line":207},"43":{"name":"(anonymous_43)","decl":{"start":{"line":210,"column":6},"end":{"line":210,"column":23}},"loc":{"start":{"line":210,"column":23},"end":{"line":212,"column":null}},"line":210},"44":{"name":"(anonymous_44)","decl":{"start":{"line":213,"column":6},"end":{"line":213,"column":19}},"loc":{"start":{"line":213,"column":19},"end":{"line":215,"column":null}},"line":213},"45":{"name":"(anonymous_45)","decl":{"start":{"line":216,"column":6},"end":{"line":216,"column":24}},"loc":{"start":{"line":216,"column":24},"end":{"line":218,"column":null}},"line":216},"46":{"name":"(anonymous_46)","decl":{"start":{"line":219,"column":6},"end":{"line":219,"column":18}},"loc":{"start":{"line":219,"column":18},"end":{"line":221,"column":null}},"line":219},"47":{"name":"(anonymous_47)","decl":{"start":{"line":222,"column":6},"end":{"line":222,"column":24}},"loc":{"start":{"line":222,"column":24},"end":{"line":224,"column":null}},"line":222}},"branchMap":{"0":{"loc":{"start":{"line":34,"column":27},"end":{"line":34,"column":85}},"type":"binary-expr","locations":[{"start":{"line":34,"column":27},"end":{"line":34,"column":81}},{"start":{"line":34,"column":81},"end":{"line":34,"column":85}}],"line":34},"1":{"loc":{"start":{"line":37,"column":2},"end":{"line":41,"column":null}},"type":"cond-expr","locations":[{"start":{"line":38,"column":6},"end":{"line":39,"column":null}},{"start":{"line":41,"column":6},"end":{"line":41,"column":null}}],"line":37},"2":{"loc":{"start":{"line":38,"column":33},"end":{"line":39,"column":null}},"type":"cond-expr","locations":[{"start":{"line":39,"column":63},"end":{"line":39,"column":69}},{"start":{"line":39,"column":69},"end":{"line":39,"column":null}}],"line":38},"3":{"loc":{"start":{"line":47,"column":11},"end":{"line":49,"column":null}},"type":"if","locations":[{"start":{"line":47,"column":11},"end":{"line":49,"column":null}},{"start":{},"end":{}}],"line":47},"4":{"loc":{"start":{"line":62,"column":41},"end":{"line":62,"column":64}},"type":"binary-expr","locations":[{"start":{"line":62,"column":41},"end":{"line":62,"column":60}},{"start":{"line":62,"column":60},"end":{"line":62,"column":64}}],"line":62},"5":{"loc":{"start":{"line":65,"column":66},"end":{"line":65,"column":82}},"type":"binary-expr","locations":[{"start":{"line":65,"column":66},"end":{"line":65,"column":78}},{"start":{"line":65,"column":78},"end":{"line":65,"column":82}}],"line":65},"6":{"loc":{"start":{"line":69,"column":6},"end":{"line":69,"column":null}},"type":"if","locations":[{"start":{"line":69,"column":6},"end":{"line":69,"column":null}},{"start":{},"end":{}}],"line":69},"7":{"loc":{"start":{"line":70,"column":54},"end":{"line":70,"column":76}},"type":"binary-expr","locations":[{"start":{"line":70,"column":54},"end":{"line":70,"column":72}},{"start":{"line":70,"column":72},"end":{"line":70,"column":76}}],"line":70},"8":{"loc":{"start":{"line":88,"column":40},"end":{"line":88,"column":85}},"type":"cond-expr","locations":[{"start":{"line":88,"column":51},"end":{"line":88,"column":81}},{"start":{"line":88,"column":81},"end":{"line":88,"column":85}}],"line":88},"9":{"loc":{"start":{"line":124,"column":4},"end":{"line":126,"column":null}},"type":"cond-expr","locations":[{"start":{"line":124,"column":47},"end":{"line":125,"column":null}},{"start":{"line":126,"column":8},"end":{"line":126,"column":null}}],"line":124},"10":{"loc":{"start":{"line":124,"column":4},"end":{"line":124,"column":null}},"type":"binary-expr","locations":[{"start":{"line":124,"column":4},"end":{"line":124,"column":32}},{"start":{"line":124,"column":32},"end":{"line":124,"column":null}}],"line":124},"11":{"loc":{"start":{"line":172,"column":18},"end":{"line":172,"column":null}},"type":"cond-expr","locations":[{"start":{"line":172,"column":41},"end":{"line":172,"column":55}},{"start":{"line":172,"column":55},"end":{"line":172,"column":null}}],"line":172}},"s":{"0":1,"1":5,"2":6,"3":1,"4":5,"5":3,"6":8,"7":6,"8":8,"9":8,"10":1,"11":3,"12":6,"13":1,"14":4,"15":8,"16":1,"17":5,"18":7,"19":1,"20":5,"21":7,"22":1,"23":1,"24":4,"25":6,"26":4,"27":2,"28":2,"29":4,"30":2,"31":39,"32":39,"33":7,"34":4,"35":9,"36":3,"37":9,"38":60,"39":60,"40":8,"41":8,"42":8,"43":8,"44":4,"45":2,"46":2,"47":4,"48":4,"49":4,"50":9,"51":63,"52":63,"53":13,"54":21,"55":2,"56":6,"57":6,"58":6,"59":6,"60":6,"61":4,"62":4,"63":4,"64":2,"65":2,"66":6,"67":12,"68":5,"69":10,"70":10,"71":8,"72":5,"73":5,"74":3,"75":3,"76":4,"77":5,"78":5,"79":4},"f":{"0":5,"1":6,"2":5,"3":3,"4":8,"5":3,"6":6,"7":4,"8":8,"9":5,"10":7,"11":5,"12":7,"13":5,"14":6,"15":4,"16":39,"17":7,"18":4,"19":9,"20":3,"21":9,"22":60,"23":8,"24":8,"25":4,"26":2,"27":4,"28":9,"29":63,"30":13,"31":21,"32":2,"33":6,"34":6,"35":12,"36":5,"37":10,"38":10,"39":8,"40":5,"41":5,"42":3,"43":3,"44":4,"45":5,"46":5,"47":4},"b":{"0":[5,3],"1":[3,2],"2":[2,1],"3":[6,2],"4":[7,2],"5":[7,2],"6":[2,2],"7":[4,0],"8":[4,5],"9":[5,4],"10":[9,5],"11":[1,1]},"meta":{"lastBranch":12,"lastFunction":48,"lastStatement":80,"seen":{"s:34:6:34:Infinity":0,"f:34:6:34:27":0,"s:34:27:34:85":1,"b:34:27:34:81:34:81:34:85":0,"f:34:38:34:44":1,"s:34:50:34:76":2,"s:36:6:41:Infinity":3,"f:36:6:36:Infinity":2,"s:37:2:41:Infinity":4,"b:38:6:39:Infinity:41:6:41:Infinity":1,"f:38:17:38:25":3,"s:38:33:39:Infinity":5,"b:39:63:39:69:39:69:39:Infinity":2,"f:46:5:46:10":4,"b:47:11:49:Infinity:undefined:undefined:undefined:undefined":3,"s:47:11:49:Infinity":6,"s:48:8:48:Infinity":7,"s:50:6:50:Infinity":8,"s:51:13:51:Infinity":9,"s:57:6:57:Infinity":10,"f:57:6:57:32":5,"s:57:32:57:Infinity":11,"f:57:43:57:51":6,"s:57:57:57:79":12,"s:59:6:59:Infinity":13,"f:59:6:59:28":7,"s:59:28:59:Infinity":14,"f:59:39:59:47":8,"s:59:53:59:73":15,"s:61:6:62:Infinity":16,"f:61:6:61:Infinity":9,"s:62:2:62:Infinity":17,"f:62:13:62:21":10,"s:62:34:62:64":18,"b:62:41:62:60:62:60:62:64":4,"s:65:6:65:Infinity":19,"f:65:6:65:27":11,"s:65:27:65:Infinity":20,"f:65:38:65:46":12,"s:65:59:65:82":21,"b:65:66:65:78:65:78:65:82":5,"s:67:6:72:Infinity":22,"f:67:6:67:39":13,"s:67:6:72:1":23,"s:68:20:68:Infinity":24,"f:68:31:68:39":14,"s:68:45:68:71":25,"b:69:6:69:Infinity:undefined:undefined:undefined:undefined":6,"s:69:6:69:Infinity":26,"s:69:27:69:Infinity":27,"s:70:16:70:Infinity":28,"f:70:26:70:34":15,"s:70:47:70:76":29,"b:70:54:70:72:70:72:70:76":7,"s:71:9:71:Infinity":30,"f:78:9:78:17":16,"s:79:2:79:Infinity":31,"s:80:2:80:Infinity":32,"f:83:9:83:16":17,"s:84:2:84:Infinity":33,"f:87:9:87:19":18,"s:88:2:88:Infinity":34,"f:88:26:88:31":19,"s:88:40:88:85":35,"b:88:51:88:81:88:81:88:85":8,"f:91:9:91:19":20,"s:92:2:92:Infinity":36,"f:92:26:92:34":21,"s:92:42:92:55":37,"f:95:9:95:21":22,"s:96:2:96:Infinity":38,"s:97:2:97:Infinity":39,"f:100:9:100:22":23,"s:101:2:101:Infinity":40,"f:104:9:104:26":24,"s:105:2:105:Infinity":41,"s:106:2:106:Infinity":42,"s:107:2:107:Infinity":43,"f:110:9:110:33":25,"s:111:2:111:Infinity":44,"f:114:9:114:29":26,"s:115:2:115:Infinity":45,"s:116:2:116:Infinity":46,"f:119:9:119:27":27,"s:120:2:120:Infinity":47,"s:121:2:121:Infinity":48,"s:123:2:126:Infinity":49,"f:123:26:123:31":28,"s:124:4:126:Infinity":50,"b:124:47:125:Infinity:126:8:126:Infinity":9,"b:124:4:124:32:124:32:124:Infinity":10,"f:130:9:130:18":29,"s:131:2:131:Infinity":51,"s:132:2:132:Infinity":52,"f:135:9:135:20":30,"s:136:9:136:Infinity":53,"f:136:20:136:26":31,"s:136:34:136:47":54,"f:139:9:139:24":32,"s:140:9:140:Infinity":55,"f:140:20:140:28":33,"s:140:36:140:59":56,"f:144:15:144:23":34,"s:145:2:145:Infinity":57,"s:146:2:146:Infinity":58,"s:148:6:176:Infinity":59,"s:149:10:152:Infinity":60,"s:168:4:168:Infinity":61,"s:169:4:169:Infinity":62,"s:170:11:170:Infinity":63,"s:172:4:172:Infinity":64,"b:172:41:172:55:172:55:172:Infinity":11,"s:173:10:173:Infinity":65,"s:175:4:175:Infinity":66,"f:185:6:185:13":35,"s:186:11:186:Infinity":67,"f:188:6:188:20":36,"s:189:11:189:Infinity":68,"f:191:6:191:20":37,"s:192:11:192:Infinity":69,"f:194:6:194:26":38,"s:195:11:195:Infinity":70,"f:197:6:197:14":39,"s:198:11:198:Infinity":71,"f:201:6:201:18":40,"s:202:11:202:Infinity":72,"f:204:6:204:18":41,"s:205:11:205:Infinity":73,"f:207:6:207:21":42,"s:208:11:208:Infinity":74,"f:210:6:210:23":43,"s:211:11:211:Infinity":75,"f:213:6:213:19":44,"s:214:11:214:Infinity":76,"f:216:6:216:24":45,"s:217:11:217:Infinity":77,"f:219:6:219:18":46,"s:220:11:220:Infinity":78,"f:222:6:222:24":47,"s:223:11:223:Infinity":79}}}
,"/home/charles/projects/Coding2025/Forge/vibeforge/src/lib/core/stores/theme.svelte.ts": {"path":"/home/charles/projects/Coding2025/Forge/vibeforge/src/lib/core/stores/theme.svelte.ts","statementMap":{"0":{"start":{"line":11,"column":20},"end":{"line":11,"column":null}},"1":{"start":{"line":12,"column":29},"end":{"line":12,"column":null}},"2":{"start":{"line":19,"column":21},"end":{"line":21,"column":null}},"3":{"start":{"line":23,"column":6},"end":{"line":24,"column":null}},"4":{"start":{"line":28,"column":4},"end":{"line":30,"column":null}},"5":{"start":{"line":29,"column":2},"end":{"line":29,"column":null}},"6":{"start":{"line":36,"column":6},"end":{"line":36,"column":null}},"7":{"start":{"line":36,"column":24},"end":{"line":36,"column":48}},"8":{"start":{"line":37,"column":6},"end":{"line":37,"column":null}},"9":{"start":{"line":37,"column":25},"end":{"line":37,"column":50}},"10":{"start":{"line":44,"column":26},"end":{"line":44,"column":null}},"11":{"start":{"line":45,"column":2},"end":{"line":45,"column":null}},"12":{"start":{"line":49,"column":2},"end":{"line":49,"column":null}},"13":{"start":{"line":51,"column":6},"end":{"line":54,"column":null}},"14":{"start":{"line":52,"column":4},"end":{"line":52,"column":null}},"15":{"start":{"line":53,"column":4},"end":{"line":53,"column":null}},"16":{"start":{"line":64,"column":11},"end":{"line":64,"column":null}},"17":{"start":{"line":68,"column":11},"end":{"line":68,"column":null}},"18":{"start":{"line":71,"column":11},"end":{"line":71,"column":null}}},"fnMap":{"0":{"name":"(anonymous_0)","decl":{"start":{"line":36,"column":6},"end":{"line":36,"column":24}},"loc":{"start":{"line":36,"column":24},"end":{"line":36,"column":48}},"line":36},"1":{"name":"(anonymous_1)","decl":{"start":{"line":37,"column":6},"end":{"line":37,"column":25}},"loc":{"start":{"line":37,"column":25},"end":{"line":37,"column":50}},"line":37},"2":{"name":"toggle","decl":{"start":{"line":43,"column":9},"end":{"line":43,"column":18}},"loc":{"start":{"line":43,"column":18},"end":{"line":46,"column":null}},"line":43},"3":{"name":"setTheme","decl":{"start":{"line":48,"column":9},"end":{"line":48,"column":18}},"loc":{"start":{"line":48,"column":32},"end":{"line":55,"column":null}},"line":48},"4":{"name":"(anonymous_4)","decl":{"start":{"line":63,"column":6},"end":{"line":63,"column":16}},"loc":{"start":{"line":63,"column":16},"end":{"line":65,"column":null}},"line":63},"5":{"name":"(anonymous_5)","decl":{"start":{"line":67,"column":6},"end":{"line":67,"column":15}},"loc":{"start":{"line":67,"column":15},"end":{"line":69,"column":null}},"line":67},"6":{"name":"(anonymous_6)","decl":{"start":{"line":70,"column":6},"end":{"line":70,"column":16}},"loc":{"start":{"line":70,"column":16},"end":{"line":72,"column":null}},"line":70}},"branchMap":{"0":{"loc":{"start":{"line":19,"column":21},"end":{"line":21,"column":null}},"type":"cond-expr","locations":[{"start":{"line":20,"column":5},"end":{"line":20,"column":null}},{"start":{"line":21,"column":4},"end":{"line":21,"column":null}}],"line":19},"1":{"loc":{"start":{"line":20,"column":5},"end":{"line":20,"column":null}},"type":"binary-expr","locations":[{"start":{"line":20,"column":5},"end":{"line":20,"column":52}},{"start":{"line":20,"column":52},"end":{"line":20,"column":null}}],"line":20},"2":{"loc":{"start":{"line":28,"column":4},"end":{"line":30,"column":null}},"type":"if","locations":[{"start":{"line":28,"column":4},"end":{"line":30,"column":null}},{"start":{},"end":{}}],"line":28},"3":{"loc":{"start":{"line":44,"column":26},"end":{"line":44,"column":null}},"type":"cond-expr","locations":[{"start":{"line":44,"column":53},"end":{"line":44,"column":63}},{"start":{"line":44,"column":63},"end":{"line":44,"column":null}}],"line":44},"4":{"loc":{"start":{"line":51,"column":6},"end":{"line":54,"column":null}},"type":"if","locations":[{"start":{"line":51,"column":6},"end":{"line":54,"column":null}},{"start":{},"end":{}}],"line":51}},"s":{"0":1,"1":1,"2":1,"3":1,"4":1,"5":1,"6":1,"7":6,"8":1,"9":5,"10":9,"11":9,"12":31,"13":31,"14":31,"15":31,"16":10,"17":6,"18":5},"f":{"0":6,"1":5,"2":9,"3":31,"4":10,"5":6,"6":5},"b":{"0":[1,0],"1":[1,1],"2":[1,0],"3":[6,3],"4":[31,0]},"meta":{"lastBranch":5,"lastFunction":7,"lastStatement":19,"seen":{"s:11:20:11:Infinity":0,"s:12:29:12:Infinity":1,"s:19:21:21:Infinity":2,"b:20:5:20:Infinity:21:4:21:Infinity":0,"b:20:5:20:52:20:52:20:Infinity":1,"s:23:6:24:Infinity":3,"b:28:4:30:Infinity:undefined:undefined:undefined:undefined":2,"s:28:4:30:Infinity":4,"s:29:2:29:Infinity":5,"s:36:6:36:Infinity":6,"f:36:6:36:24":0,"s:36:24:36:48":7,"s:37:6:37:Infinity":8,"f:37:6:37:25":1,"s:37:25:37:50":9,"f:43:9:43:18":2,"s:44:26:44:Infinity":10,"b:44:53:44:63:44:63:44:Infinity":3,"s:45:2:45:Infinity":11,"f:48:9:48:18":3,"s:49:2:49:Infinity":12,"b:51:6:54:Infinity:undefined:undefined:undefined:undefined":4,"s:51:6:54:Infinity":13,"s:52:4:52:Infinity":14,"s:53:4:53:Infinity":15,"f:63:6:63:16":4,"s:64:11:64:Infinity":16,"f:67:6:67:15":5,"s:68:11:68:Infinity":17,"f:70:6:70:16":6,"s:71:11:71:Infinity":18}}}
,"/home/charles/projects/Coding2025/Forge/vibeforge/src/lib/core/stores/tools.svelte.ts": {"path":"/home/charles/projects/Coding2025/Forge/vibeforge/src/lib/core/stores/tools.svelte.ts","statementMap":{"0":{"start":{"line":35,"column":6},"end":{"line":36,"column":null}},"1":{"start":{"line":36,"column":2},"end":{"line":36,"column":null}},"2":{"start":{"line":36,"column":30},"end":{"line":36,"column":54}},"3":{"start":{"line":39,"column":6},"end":{"line":40,"column":null}},"4":{"start":{"line":40,"column":2},"end":{"line":40,"column":null}},"5":{"start":{"line":40,"column":30},"end":{"line":40,"column":57}},"6":{"start":{"line":46,"column":11},"end":{"line":48,"column":null}},"7":{"start":{"line":47,"column":8},"end":{"line":47,"column":null}},"8":{"start":{"line":49,"column":6},"end":{"line":49,"column":null}},"9":{"start":{"line":50,"column":13},"end":{"line":50,"column":null}},"10":{"start":{"line":59,"column":11},"end":{"line":61,"column":null}},"11":{"start":{"line":60,"column":8},"end":{"line":60,"column":null}},"12":{"start":{"line":62,"column":6},"end":{"line":62,"column":null}},"13":{"start":{"line":63,"column":13},"end":{"line":63,"column":null}},"14":{"start":{"line":69,"column":6},"end":{"line":69,"column":null}},"15":{"start":{"line":69,"column":31},"end":{"line":69,"column":null}},"16":{"start":{"line":69,"column":57},"end":{"line":69,"column":69}},"17":{"start":{"line":71,"column":6},"end":{"line":72,"column":null}},"18":{"start":{"line":72,"column":2},"end":{"line":72,"column":null}},"19":{"start":{"line":72,"column":28},"end":{"line":72,"column":null}},"20":{"start":{"line":75,"column":6},"end":{"line":80,"column":null}},"21":{"start":{"line":78,"column":10},"end":{"line":78,"column":null}},"22":{"start":{"line":83,"column":6},"end":{"line":84,"column":null}},"23":{"start":{"line":84,"column":2},"end":{"line":84,"column":null}},"24":{"start":{"line":84,"column":34},"end":{"line":84,"column":56}},"25":{"start":{"line":87,"column":6},"end":{"line":87,"column":null}},"26":{"start":{"line":87,"column":35},"end":{"line":87,"column":null}},"27":{"start":{"line":87,"column":67},"end":{"line":87,"column":87}},"28":{"start":{"line":94,"column":2},"end":{"line":94,"column":null}},"29":{"start":{"line":95,"column":2},"end":{"line":95,"column":null}},"30":{"start":{"line":99,"column":2},"end":{"line":99,"column":null}},"31":{"start":{"line":103,"column":2},"end":{"line":104,"column":null}},"32":{"start":{"line":104,"column":4},"end":{"line":104,"column":null}},"33":{"start":{"line":109,"column":2},"end":{"line":109,"column":null}},"34":{"start":{"line":109,"column":51},"end":{"line":109,"column":67}},"35":{"start":{"line":111,"column":2},"end":{"line":111,"column":null}},"36":{"start":{"line":111,"column":45},"end":{"line":111,"column":65}},"37":{"start":{"line":115,"column":9},"end":{"line":115,"column":null}},"38":{"start":{"line":115,"column":40},"end":{"line":115,"column":56}},"39":{"start":{"line":123,"column":2},"end":{"line":123,"column":null}},"40":{"start":{"line":124,"column":2},"end":{"line":124,"column":null}},"41":{"start":{"line":128,"column":2},"end":{"line":128,"column":null}},"42":{"start":{"line":132,"column":2},"end":{"line":132,"column":null}},"43":{"start":{"line":132,"column":43},"end":{"line":132,"column":91}},"44":{"start":{"line":136,"column":2},"end":{"line":136,"column":null}},"45":{"start":{"line":136,"column":45},"end":{"line":136,"column":59}},"46":{"start":{"line":137,"column":2},"end":{"line":137,"column":null}},"47":{"start":{"line":137,"column":71},"end":{"line":137,"column":88}},"48":{"start":{"line":141,"column":2},"end":{"line":142,"column":null}},"49":{"start":{"line":142,"column":4},"end":{"line":142,"column":null}},"50":{"start":{"line":147,"column":7},"end":{"line":149,"column":null}},"51":{"start":{"line":148,"column":4},"end":{"line":148,"column":null}},"52":{"start":{"line":153,"column":2},"end":{"line":153,"column":null}},"53":{"start":{"line":153,"column":71},"end":{"line":153,"column":88}},"54":{"start":{"line":157,"column":6},"end":{"line":161,"column":null}},"55":{"start":{"line":158,"column":4},"end":{"line":158,"column":null}},"56":{"start":{"line":160,"column":4},"end":{"line":160,"column":null}},"57":{"start":{"line":165,"column":2},"end":{"line":165,"column":null}},"58":{"start":{"line":169,"column":9},"end":{"line":169,"column":null}},"59":{"start":{"line":169,"column":36},"end":{"line":169,"column":50}},"60":{"start":{"line":173,"column":9},"end":{"line":173,"column":null}},"61":{"start":{"line":173,"column":38},"end":{"line":173,"column":64}},"62":{"start":{"line":181,"column":2},"end":{"line":181,"column":null}},"63":{"start":{"line":185,"column":2},"end":{"line":185,"column":null}},"64":{"start":{"line":189,"column":2},"end":{"line":190,"column":null}},"65":{"start":{"line":190,"column":4},"end":{"line":190,"column":null}},"66":{"start":{"line":195,"column":2},"end":{"line":195,"column":null}},"67":{"start":{"line":199,"column":9},"end":{"line":199,"column":null}},"68":{"start":{"line":199,"column":41},"end":{"line":199,"column":54}},"69":{"start":{"line":207,"column":2},"end":{"line":207,"column":null}},"70":{"start":{"line":211,"column":2},"end":{"line":211,"column":null}},"71":{"start":{"line":221,"column":11},"end":{"line":221,"column":null}},"72":{"start":{"line":224,"column":11},"end":{"line":224,"column":null}},"73":{"start":{"line":227,"column":11},"end":{"line":227,"column":null}},"74":{"start":{"line":230,"column":11},"end":{"line":230,"column":null}},"75":{"start":{"line":233,"column":11},"end":{"line":233,"column":null}},"76":{"start":{"line":236,"column":11},"end":{"line":236,"column":null}},"77":{"start":{"line":240,"column":11},"end":{"line":240,"column":null}},"78":{"start":{"line":243,"column":11},"end":{"line":243,"column":null}},"79":{"start":{"line":246,"column":11},"end":{"line":246,"column":null}},"80":{"start":{"line":249,"column":11},"end":{"line":249,"column":null}},"81":{"start":{"line":252,"column":11},"end":{"line":252,"column":null}},"82":{"start":{"line":255,"column":11},"end":{"line":255,"column":null}},"83":{"start":{"line":258,"column":11},"end":{"line":258,"column":null}},"84":{"start":{"line":261,"column":11},"end":{"line":261,"column":null}},"85":{"start":{"line":264,"column":11},"end":{"line":264,"column":null}}},"fnMap":{"0":{"name":"(anonymous_0)","decl":{"start":{"line":35,"column":6},"end":{"line":35,"column":null}},"loc":{"start":{"line":36,"column":2},"end":{"line":36,"column":null}},"line":36},"1":{"name":"(anonymous_1)","decl":{"start":{"line":36,"column":16},"end":{"line":36,"column":24}},"loc":{"start":{"line":36,"column":30},"end":{"line":36,"column":54}},"line":36},"2":{"name":"(anonymous_2)","decl":{"start":{"line":39,"column":6},"end":{"line":39,"column":null}},"loc":{"start":{"line":40,"column":2},"end":{"line":40,"column":null}},"line":40},"3":{"name":"(anonymous_3)","decl":{"start":{"line":40,"column":16},"end":{"line":40,"column":24}},"loc":{"start":{"line"
[...]
},"end":{"line":135,"column":null}},"24":{"start":{"line":136,"column":3},"end":{"line":136,"column":null}},"25":{"start":{"line":137,"column":3},"end":{"line":137,"column":null}},"26":{"start":{"line":138,"column":3},"end":{"line":138,"column":null}},"27":{"start":{"line":139,"column":3},"end":{"line":139,"column":null}},"28":{"start":{"line":147,"column":7},"end":{"line":150,"column":null}},"29":{"start":{"line":148,"column":4},"end":{"line":148,"column":null}},"30":{"start":{"line":149,"column":11},"end":{"line":149,"column":null}},"31":{"start":{"line":152,"column":8},"end":{"line":154,"column":null}},"32":{"start":{"line":153,"column":14},"end":{"line":153,"column":null}},"33":{"start":{"line":156,"column":20},"end":{"line":156,"column":null}},"34":{"start":{"line":158,"column":9},"end":{"line":159,"column":null}},"35":{"start":{"line":162,"column":8},"end":{"line":164,"column":null}},"36":{"start":{"line":163,"column":14},"end":{"line":163,"column":null}},"37":{"start":{"line":166,"column":9},"end":{"line":166,"column":null}},"38":{"start":{"line":167,"column":19},"end":{"line":167,"column":null}},"39":{"start":{"line":170,"column":3},"end":{"line":170,"column":null}},"40":{"start":{"line":171,"column":3},"end":{"line":171,"column":null}},"41":{"start":{"line":173,"column":10},"end":{"line":173,"column":null}},"42":{"start":{"line":180,"column":10},"end":{"line":180,"column":null}},"43":{"start":{"line":187,"column":8},"end":{"line":189,"column":null}},"44":{"start":{"line":188,"column":14},"end":{"line":188,"column":null}},"45":{"start":{"line":191,"column":23},"end":{"line":191,"column":null}},"46":{"start":{"line":194,"column":20},"end":{"line":194,"column":null}},"47":{"start":{"line":194,"column":40},"end":{"line":194,"column":null}},"48":{"start":{"line":195,"column":21},"end":{"line":195,"column":null}},"49":{"start":{"line":197,"column":12},"end":{"line":209,"column":null}},"50":{"start":{"line":197,"column":16},"end":{"line":197,"column":19}},"51":{"start":{"line":198,"column":18},"end":{"line":198,"column":null}},"52":{"start":{"line":199,"column":10},"end":{"line":207,"column":null}},"53":{"start":{"line":201,"column":10},"end":{"line":206,"column":null}},"54":{"start":{"line":202,"column":13},"end":{"line":202,"column":null}},"55":{"start":{"line":205,"column":7},"end":{"line":205,"column":null}},"56":{"start":{"line":211,"column":10},"end":{"line":211,"column":null}},"57":{"start":{"line":218,"column":9},"end":{"line":218,"column":null}},"58":{"start":{"line":219,"column":9},"end":{"line":219,"column":null}},"59":{"start":{"line":222,"column":20},"end":{"line":238,"column":null}},"60":{"start":{"line":225,"column":22},"end":{"line":225,"column":null}},"61":{"start":{"line":226,"column":8},"end":{"line":228,"column":null}},"62":{"start":{"line":226,"column":33},"end":{"line":226,"column":59}},"63":{"start":{"line":227,"column":12},"end":{"line":227,"column":null}},"64":{"start":{"line":231,"column":8},"end":{"line":236,"column":null}},"65":{"start":{"line":232,"column":17},"end":{"line":232,"column":null}},"66":{"start":{"line":237,"column":11},"end":{"line":237,"column":null}},"67":{"start":{"line":241,"column":9},"end":{"line":270,"column":null}},"68":{"start":{"line":242,"column":8},"end":{"line":244,"column":null}},"69":{"start":{"line":243,"column":12},"end":{"line":243,"column":null}},"70":{"start":{"line":246,"column":22},"end":{"line":246,"column":null}},"71":{"start":{"line":247,"column":17},"end":{"line":247,"column":null}},"72":{"start":{"line":249,"column":10},"end":{"line":253,"column":null}},"73":{"start":{"line":256,"column":4},"end":{"line":256,"column":null}},"74":{"start":{"line":259,"column":8},"end":{"line":267,"column":null}},"75":{"start":{"line":260,"column":24},"end":{"line":260,"column":null}},"76":{"start":{"line":261,"column":25},"end":{"line":261,"column":null}},"77":{"start":{"line":262,"column":9},"end":{"line":264,"column":null}},"78":{"start":{"line":263,"column":6},"end":{"line":263,"column":null}},"79":{"start":{"line":266,"column":5},"end":{"line":266,"column":null}},"80":{"start":{"line":269,"column":11},"end":{"line":269,"column":null}},"81":{"start":{"line":273,"column":14},"end":{"line":295,"column":null}},"82":{"start":{"line":274,"column":22},"end":{"line":274,"column":null}},"83":{"start":{"line":275,"column":17},"end":{"line":275,"column":null}},"84":{"start":{"line":284,"column":4},"end":{"line":284,"column":null}},"85":{"start":{"line":286,"column":8},"end":{"line":294,"column":null}},"86":{"start":{"line":287,"column":5},"end":{"line":287,"column":null}},"87":{"start":{"line":289,"column":24},"end":{"line":289,"column":null}},"88":{"start":{"line":290,"column":20},"end":{"line":290,"column":null}},"89":{"start":{"line":291,"column":9},"end":{"line":293,"column":null}},"90":{"start":{"line":292,"column":6},"end":{"line":292,"column":null}},"91":{"start":{"line":297,"column":10},"end":{"line":297,"column":null}},"92":{"start":{"line":304,"column":9},"end":{"line":304,"column":null}},"93":{"start":{"line":307,"column":8},"end":{"line":311,"column":null}},"94":{"start":{"line":308,"column":5},"end":{"line":308,"column":null}},"95":{"start":{"line":309,"column":4},"end":{"line":311,"column":null}},"96":{"start":{"line":310,"column":5},"end":{"line":310,"column":null}},"97":{"start":{"line":314,"column":3},"end":{"line":314,"column":null}},"98":{"start":{"line":315,"column":10},"end":{"line":315,"column":null}},"99":{"start":{"line":320,"column":27},"end":{"line":320,"column":null}}},"fnMap":{"0":{"name":"createSourceStore","decl":{"start":{"line":44,"column":9},"end":{"line":44,"column":29}},"loc":{"start":{"line":44,"column":29},"end":{"line":318,"column":null}},"line":44},"1":{"name":"(anonymous_1)","decl":{"start":{"line":60,"column":6},"end":{"line":60,"column":13}},"loc":{"start":{"line":60,"column":13},"end":{"line":62,"column":null}},"line":60},"2":{"name":"(anonymous_2)","decl":{"start":{"line":63,"column":6},"end":{"line":63,"column":17}},"loc":{"start":{"line":63,"column":17},"end":{"line":65,"column":null}},"line":63},"3":{"name":"(anonymous_3)","decl":{"start":{"line":66,"column":6},"end":{"line":66,"column":20}},"loc":{"start":{"line":66,"column":20},"end":{"line":68,"column":null}},"line":66},"4":{"name":"(anonymous_4)","decl":{"start":{"line":69,"column":6},"end":{"line":69,"column":18}},"loc":{"start":{"line":69,"column":18},"end":{"line":71,"column":null}},"line":69},"5":{"name":"(anonymous_5)","decl":{"start":{"line":72,"column":6},"end":{"line":72,"column":14}},"loc":{"start":{"line":72,"column":14},"end":{"line":74,"column":null}},"line":72},"6":{"name":"(anonymous_6)","decl":{"start":{"line":75,"column":6},"end":{"line":75,"column":20}},"loc":{"start":{"line":75,"column":20},"end":{"line":77,"column":null}},"line":75},"7":{"name":"(anonymous_7)","decl":{"start":{"line":82,"column":8},"end":{"line":82,"column":16}},"loc":{"start":{"line":82,"column":41},"end":{"line":129,"column":null}},"line":82},"8":{"name":"(anonymous_8)","decl":{"start":{"line":134,"column":2},"end":{"line":134,"column":15}},"loc":{"start":{"line":134,"column":15},"end":{"line":140,"column":null}},"line":134},"9":{"name":"(anonymous_9)","decl":{"start":{"line":145,"column":8},"end":{"line":145,"column":17}},"loc":{"start":{"line":145,"column":48},"end":{"line":174,"column":null}},"line":145},"10":{"name":"(anonymous_10)","decl":{"start":{"line":179,"column":2},"end":{"line":179,"column":40}},"loc":{"start":{"line":179,"column":40},"end":{"line":181,"column":null}},"line":179},"11":{"name":"(anonymous_11)","decl":{"start":{"line":186,"column":8},"end":{"line":186,"column":60}},"loc":{"start":{"line":186,"column":60},"end":{"line":212,"column":null}},"line":186},"12":{"name":"(anonymous_12)","decl":{"start":{"line":194,"column":32},"end":{"line":194,"column":40}},"loc":{"start":{"line":194,"column":40},"end":{"line":194,"column":null}},"line":194},"13":{"name":"(anonymous_13)","decl":{"start":{"line":200,"column":11},"end":{"line":200,"column":22}},"loc":{"start":{"line":200,"column":28},"end":{"line":207,"column":6}},"line":200},"14":{"name":"(anonymous_14)","decl":{"start":{"line":217,"column":2},"end":{"line":217,"column":16}},"loc":{"start":{"line":217,"column":65},"end":{"line":298,"column":null}},"line":217},"15":{"name":"(anonymous_15)","decl":{"start":{"line":222,"column":26},"end":{"line":222,"column":34}},"loc":{"start":{"line":222,"column":43},"end":{"line":238,"column":4}},"line":222},"16":{"name":"(anonymous_16)","decl":{"start":{"line":226,"column":21},"end":{"line":226,"column":26}},"loc":{"start":{"line":226,"column":33},"end":{"line":226,"column":59}},"line":226},"17":{"name":"(anonymous_17)","decl":{"start":{"line":241,"column":9},"end":{"line":241,"column":31}},"loc":{"start":{"line":241,"column":69},"end":{"line":270,"column":null}},"line":241},"18":{"name":"(anonymous_18)","decl":{"start":{"line":303,"column":2},"end":{"line":303,"column":21}},"loc":{"start":{"line":303,"column":54},"end":{"line":316,"column":null}},"line":303},"19":{"name":"walk","decl":{"start":{"line":306,"column":12},"end":{"line":306,"column":17}},"loc":{"start":{"line":306,"column":37},"end":{"line":312,"column":null}},"line":306}},"branchMap":{"0":{"loc":{"start":{"line":90,"column":9},"end":{"line":94,"column":null}},"type":"if","locations":[{"start":{"line":90,"column":9},"end":{"line":94,"column":null}},{"start":{},"end":{}}],"line":90},"1":{"loc":{"start":{"line":92,"column":6},"end":{"line":92,"column":null}},"type":"cond-expr","locations":[{"start":{"line":92,"column":31},"end":{"line":92,"column":56}},{"start":{"line":92,"column":56},"end":{"line":92,"column":null}}],"line":92},"2":{"loc":{"start":{"line":97,"column":21},"end":{"line":99,"column":null}},"type":"cond-expr","locations":[{"start":{"line":98,"column":10},"end":{"line":98,"column":null}},{"start":{"line":99,"column":7},"end":{"line":99,"column":null}}],"line":97},"3":{"loc":{"start":{"line":105,"column":9},"end":{"line":107,"column":null}},"type":"if","locations":[{"start":{"line":105,"column":9},"end":{"line":107,"column":null}},{"start":{},"end":{}}],"line":105},"4":{"loc":{"start":{"line":124,"column":18},"end":{"line":124,"column":null}},"type":"cond-expr","locations":[{"start":{"line":124,"column":39},"end":{"line":124,"column":51}},{"start":{"line":124,"column":51},"end":{"line":124,"column":null}}],"line":124},"5":{"loc":{"start":{"line":147,"column":7},"end":{"line":150,"column":null}},"type":"if","locations":[{"start":{"line":147,"column":7},"end":{"line":150,"column":null}},{"start":{},"end":{}}],"line":147},"6":{"loc":{"start":{"line":152,"column":8},"end":{"line":154,"column":null}},"type":"if","locations":[{"start":{"line":152,"column":8},"end":{"line":154,"column":null}},{"start":{},"end":{}}],"line":152},"7":{"loc":{"start":{"line":156,"column":20},"end":{"line":156,"column":null}},"type":"cond-expr","locations":[{"start":{"line":156,"column":31},"end":{"line":156,"column":85}},{"start":{"line":156,"column":85},"end":{"line":156,"column":null}}],"line":156},"8":{"loc":{"start":{"line":162,"column":8},"end":{"line":164,"column":null}},"type":"if","locations":[{"start":{"line":162,"column":8},"end":{"line":164,"column":null}},{"start":{},"end":{}}],"line":162},"9":{"loc":{"start":{"line":187,"column":8},"end":{"line":189,"column":null}},"type":"if","locations":[{"start":{"line":187,"column":8},"end":{"line":189,"column":null}},{"start":{},"end":{}}],"line":187},"10":{"loc":{"start":{"line":226,"column":8},"end":{"line":228,"column":null}},"type":"if","locations":[{"start":{"line":226,"column":8},"end":{"line":228,"column":null}},{"start":{},"end":{}}],"line":226},"11":{"loc":{"start":{"line":231,"column":8},"end":{"line":236,"column":null}},"type":"if","locations":[{"start":{"line":231,"column":8},"end":{"line":236,"column":null}},{"start":{},"end":{}}],"line":231},"12":{"loc":{"start":{"line":242,"column":8},"end":{"line":244,"column":null}},"type":"if","locations":[{"start":{"line":242,"column":8},"end":{"line":244,"column":null}},{"start":{},"end":{}}],"line":242},"13":{"loc":{"start":{"line":259,"column":8},"end":{"line":267,"column":null}},"type":"if","locations":[{"start":{"line":259,"column":8},"end":{"line":267,"column":null}},{"start":{"line":265,"column":11},"end":{"line":267,"column":null}}],"line":259},"14":{"loc":{"start":{"line":262,"column":9},"end":{"line":264,"column":null}},"type":"if","locations":[{"start":{"line":262,"column":9},"end":{"line":264,"column":null}},{"start":{},"end":{}}],"line":262},"15":{"loc":{"start":{"line":262,"column":9},"end":{"line":262,"column":46}},"type":"binary-expr","locations":[{"start":{"line":262,"column":9},"end":{"line":262,"column":24}},{"start":{"line":262,"column":24},"end":{"line":262,"column":46}}],"line":262},"16":{"loc":{"start":{"line":280,"column":11},"end":{"line":280,"column":null}},"type":"cond-expr","locations":[{"start":{"line":280,"column":34},"end":{"line":280,"column":48}},{"start":{"line":280,"column":48},"end":{"line":280,"column":null}}],"line":280},"17":{"loc":{"start":{"line":281,"column":15},"end":{"line":281,"column":null}},"type":"cond-expr","locations":[{"start":{"line":281,"column":29},"end":{"line":281,"column":43}},{"start":{"line":281,"column":29},"end":{"line":281,"column":null}}],"line":281},"18":{"loc":{"start":{"line":286,"column":8},"end":{"line":294,"column":null}},"type":"if","locations":[{"start":{"line":286,"column":8},"end":{"line":294,"column":null}},{"start":{"line":288,"column":11},"end":{"line":294,"column":null}}],"line":286},"19":{"loc":{"start":{"line":291,"column":9},"end":{"line":293,"column":null}},"type":"if","locations":[{"start":{"line":291,"column":9},"end":{"line":293,"column":null}},{"start":{},"end":{}}],"line":291},"20":{"loc":{"start":{"line":291,"column":9},"end":{"line":291,"column":36}},"type":"binary-expr","locations":[{"start":{"line":291,"column":9},"end":{"line":291,"column":19}},{"start":{"line":291,"column":19},"end":{"line":291,"column":36}}],"line":291},"21":{"loc":{"start":{"line":307,"column":8},"end":{"line":311,"column":null}},"type":"if","locations":[{"start":{"line":307,"column":8},"end":{"line":311,"column":null}},{"start":{"line":309,"column":4},"end":{"line":311,"column":null}}],"line":307},"22":{"loc":{"start":{"line":309,"column":4},"end":{"line":311,"column":null}},"type":"if","locations":[{"start":{"line":309,"column":4},"end":{"line":311,"column":null}},{"start":{},"end":{}}],"line":309}},"s":{"0":1,"1":7,"2":3,"3":7,"4":3,"5":4,"6":0,"7":22,"8":22,"9":22,"10":22,"11":21,"12":1,"13":20,"14":22,"15":20,"16":0,"17":20,"18":20,"19":20,"20":2,"21":2,"22":22,"23":37,"24":37,"25":37,"26":37,"27":37,"28":37,"29":1,"30":1,"31":36,"32":0,"33":36,"34":37,"35":35,"36":1,"37":34,"38":34,"39":34,"40":34,"41":34,"42":0,"43":3,"44":0,"45":3,"46":3,"47":31,"48":3,"49":3,"50":3,"51":5,"52":5,"53":31,"54":31,"55":1,"56":5,"57":24,"58":24,"59":24,"60":125,"61":125,"62":764,"63":19,"64":106,"65":106,"66":0,"67":24,"68":51,"69":24,"70":27,"71":27,"72":27,"73":27,"74":27,"75":5,"76":5,"77":5,"78":5,"79":22,"80":27,"81":24,"82":106,"83":106,"84":106,"85":106,"86":60,"87":46,"88":46,"89":46,"90":46,"91":24,"92":6,"93":39,"94":34,"95":5,"96":5,"97":6,"98":6,"99":1},"f":{"0":1,"1":7,"2":3,"3":7,"4":3,"5":4,"6":0,"7":22,"8":37,"9":37,"10":0,"11":3,"12":31,"13":31,"14":24,"15":125,"16":764,"17":51,"18":6,"19":39},"b":{"0":[1,20],"1":[1,0],"2":[1,19],"3":[0,20],"4":[2,0],"5":[1,36],"6":[0,36],"7":[0,36],"8":[1,34],"9":[0,3],"10":[19,106],"11":[106,0],"12":[24,27],"13":[5,22],"14":[5,0],"15":[5,5],"16":[0,106],"17":[0,106],"18":[60,46],"19":[46,0],"20":[46,46],"21":[34,5],"22":[5,0]},"meta":{"lastBranch":23,"lastFunction":20,"lastStatement":100,"seen":{"f:44:9:44:29":0,"s:56:18:56:Infinity":0,"f:60:6:60:13":1,"s:61:10:61:Infinity":1,"f:63:6:63:17":2,"s:64:10:64:Infinity":2,"f:66:6:66:20":3,"s:67:10:67:Infinity":3,"f:69:6:69:18":4,"s:70:10:70:Infinity":4,"f:72:6:72:14":5,"s:73:10:73:Infinity":5,"f:75:6:75:20":6,"s:76:10:76:Infinity":6,"f:82:8:82:16":7,"s:83:3:83:Infinity":7,"s:84:3:84:Infinity":8,"s:86:7:128:Infinity":9,"s:88:10:88:Infinity":10,"b:90:9:94:Infinity:undefined:undefined:undefined:undefined":0,"s:90:9:94:Infinity":11,"s:91:15:92:Infinity":12,"b:92:31:92:56:92:56:92:Infinity":1,"s:97:21:99:Infinity":13,"b:98:10:98:Infinity:99:7:99:Infinity":2,"s:101:10:102:Infinity":14,"b:105:9:107:Infinity:undefined:undefined:undefined:undefined":3,"s:105:9:107:Infinity":15,"s:106:15:106:Infinity":16,"s:109:10:109:Infinity":17,"s:112:4:112:Infinity":18,"s:122:4:122:Infinity":19,"s:124:4:124:Infinity":20,"b:124:39:124:51:124:51:124:Infinity":4,"s:125:10:125:Infinity":21,"s:127:4:127:Infinity":22,"f:134:2:134:15":8,"s:135:3:135:Infinity":23,"s:136:3:136:Infinity":24,"s:137:3:137:Infinity":25,"s:138:3:138:Infinity":26,"s:139:3:139:Infinity":27,"f:145:8:145:17":9,"b:147:7:150:Infinity:undefined:undefined:undefined:undefined":5,"s:147:7:150:Infinity":28,"s:148:4:148:Infinity":29,"s:149:11:149:Infinity":30,"b:152:8:154:Infinity:undefined:undefined:undefined:undefined":6,"s:152:8:154:Infinity":31,"s:153:14:153:Infinity":32,"s:156:20:156:Infinity":33,"b:156:31:156:85:156:85:156:Infinity":7,"s:158:9:159:Infinity":34,"b:162:8:164:Infinity:undefined:undefined:undefined:undefined":8,"s:162:8:164:Infinity":35,"s:163:14:163:Infinity":36,"s:166:9:166:Infinity":37,"s:167:19:167:Infinity":38,"s:170:3:170:Infinity":39,"s:171:3:171:Infinity":40,"s:173:10:173:Infinity":41,"f:179:2:179:40":10,"s:180:10:180:Infinity":42,"f:186:8:186:60":11,"b:187:8:189:Infinity:undefined:undefined:undefined:undefined":9,"s:187:8:189:Infinity":43,"s:188:14:188:Infinity":44,"s:191:23:191:Infinity":45,"s:194:20:194:Infinity":46,"f:194:32:194:40":12,"s:194:40:194:Infinity":47,"s:195:21:195:Infinity":48,"s:197:12:209:Infinity":49,"s:197:16:197:19":50,"s:198:18:198:Infinity":51,"s:199:10:207:Infinity":52,"f:200:11:200:22":13,"s:201:10:206:Infinity":53,"s:202:13:202:Infinity":54,"s:205:7:205:Infinity":55,"s:211:10:211:Infinity":56,"f:217:2:217:16":14,"s:218:9:218:Infinity":57,"s:219:9:219:Infinity":58,"s:222:20:238:Infinity":59,"f:222:26:222:34":15,"s:225:22:225:Infinity":60,"b:226:8:228:Infinity:undefined:undefined:undefined:undefined":10,"s:226:8:228:Infinity":61,"f:226:21:226:26":16,"s:226:33:226:59":62,"s:227:12:227:Infinity":63,"b:231:8:236:Infinity:undefined:undefined:undefined:undefined":11,"s:231:8:236:Infinity":64,"s:232:17:232:Infinity":65,"s:237:11:237:Infinity":66,"s:241:9:270:Infinity":67,"f:241:9:241:31":17,"b:242:8:244:Infinity:undefined:undefined:undefined:undefined":12,"s:242:8:244:Infinity":68,"s:243:12:243:Infinity":69,"s:246:22:246:Infinity":70,"s:247:17:247:Infinity":71,"s:249:10:253:Infinity":72,"s:256:4:256:Infinity":73,"b:259:8:267:Infinity:265:11:267:Infinity":13,"s:259:8:267:Infinity":74,"s:260:24:260:Infinity":75,"s:261:25:261:Infinity":76,"b:262:9:264:Infinity:undefined:undefined:undefined:undefined":14,"s:262:9:264:Infinity":77,"b:262:9:262:24:262:24:262:46":15,"s:263:6:263:Infinity":78,"s:266:5:266:Infinity":79,"s:269:11:269:Infinity":80,"s:273:14:295:Infinity":81,"s:274:22:274:Infinity":82,"s:275:17:275:Infinity":83,"b:280:34:280:48:280:48:280:Infinity":16,"b:281:29:281:43:281:29:281:Infinity":17,"s:284:4:284:Infinity":84,"b:286:8:294:Infinity:288:11:294:Infinity":18,"s:286:8:294:Infinity":85,"s:287:5:287:Infinity":86,"s:289:24:289:Infinity":87,"s:290:20:290:Infinity":88,"b:291:9:293:Infinity:undefined:undefined:undefined:undefined":19,"s:291:9:293:Infinity":89,"b:291:9:291:19:291:19:291:36":20,"s:292:6:292:Infinity":90,"s:297:10:297:Infinity":91,"f:303:2:303:21":18,"s:304:9:304:Infinity":92,"f:306:12:306:17":19,"b:307:8:311:Infinity:309:4:311:Infinity":21,"s:307:8:311:Infinity":93,"s:308:5:308:Infinity":94,"b:309:4:311:Infinity:undefined:undefined:undefined:undefined":22,"s:309:4:311:Infinity":95,"s:310:5:310:Infinity":96,"s:314:3:314:Infinity":97,"s:315:10:315:Infinity":98,"s:320:27:320:Infinity":99}}}
}
